{"/home/travis/build/npmtest/node-npmtest-nrf/test.js":{"path":"/home/travis/build/npmtest/node-npmtest-nrf/test.js","s":{"1":2,"2":2,"3":2,"4":2,"5":2,"6":2,"7":2,"8":1,"9":2,"10":2,"11":1,"12":1,"13":1,"14":1,"15":2,"16":2,"17":2,"18":2,"19":1,"20":1,"21":2,"22":2,"23":2,"24":1,"25":1,"26":1,"27":1,"28":1,"29":1,"30":1,"31":1,"32":1,"33":1,"34":1,"35":1,"36":1,"37":1,"38":1,"39":2,"40":2,"41":1,"42":2,"43":2,"44":1,"45":2,"46":2,"47":1,"48":2,"49":2,"50":1,"51":1,"52":1,"53":1,"54":1},"b":{"1":[2,1,1,1],"2":[1,1,1,1],"3":[1,1],"4":[1,1],"5":[1,1],"6":[1,1],"7":[1,1],"8":[1,1],"9":[1,1],"10":[1,1,1],"11":[1,1],"12":[1,1],"13":[1,1],"14":[1,1],"15":[1,1],"16":[1,1],"17":[1,1]},"f":{"1":2,"2":2,"3":2,"4":2,"5":2,"6":1,"7":1,"8":1,"9":2,"10":2,"11":2,"12":2,"13":1},"fnMap":{"1":{"name":"(anonymous_1)","line":12,"loc":{"start":{"line":12,"column":1},"end":{"line":12,"column":13}}},"2":{"name":"(anonymous_2)","line":19,"loc":{"start":{"line":19,"column":5},"end":{"line":19,"column":17}}},"3":{"name":"(anonymous_3)","line":23,"loc":{"start":{"line":23,"column":24},"end":{"line":23,"column":36}}},"4":{"name":"(anonymous_4)","line":61,"loc":{"start":{"line":61,"column":5},"end":{"line":61,"column":17}}},"5":{"name":"(anonymous_5)","line":82,"loc":{"start":{"line":82,"column":5},"end":{"line":82,"column":17}}},"6":{"name":"(anonymous_6)","line":91,"loc":{"start":{"line":91,"column":77},"end":{"line":94,"column":10}}},"7":{"name":"(anonymous_7)","line":112,"loc":{"start":{"line":112,"column":83},"end":{"line":115,"column":10}},"skip":true},"8":{"name":"(anonymous_8)","line":123,"loc":{"start":{"line":123,"column":77},"end":{"line":126,"column":10}},"skip":true},"9":{"name":"(anonymous_9)","line":139,"loc":{"start":{"line":139,"column":12},"end":{"line":139,"column":40}},"skip":true},"10":{"name":"(anonymous_10)","line":147,"loc":{"start":{"line":147,"column":77},"end":{"line":150,"column":10}},"skip":true},"11":{"name":"(anonymous_11)","line":158,"loc":{"start":{"line":158,"column":83},"end":{"line":161,"column":10}},"skip":true},"12":{"name":"(anonymous_12)","line":169,"loc":{"start":{"line":169,"column":79},"end":{"line":172,"column":10}},"skip":true},"13":{"name":"(anonymous_13)","line":180,"loc":{"start":{"line":180,"column":75},"end":{"line":183,"column":10}},"skip":true}},"statementMap":{"1":{"start":{"line":12,"column":0},"end":{"line":195,"column":5}},"2":{"start":{"line":14,"column":4},"end":{"line":14,"column":14}},"3":{"start":{"line":19,"column":4},"end":{"line":56,"column":9}},"4":{"start":{"line":21,"column":8},"end":{"line":21,"column":19}},"5":{"start":{"line":23,"column":8},"end":{"line":35,"column":13}},"6":{"start":{"line":24,"column":12},"end":{"line":34,"column":13}},"7":{"start":{"line":25,"column":16},"end":{"line":28,"column":30}},"8":{"start":{"line":30,"column":16},"end":{"line":33,"column":27}},"9":{"start":{"line":37,"column":8},"end":{"line":39,"column":21}},"10":{"start":{"line":40,"column":8},"end":{"line":53,"column":9}},"11":{"start":{"line":43,"column":12},"end":{"line":46,"column":14}},"12":{"start":{"line":47,"column":12},"end":{"line":47,"column":18}},"13":{"start":{"line":50,"column":12},"end":{"line":51,"column":46}},"14":{"start":{"line":52,"column":12},"end":{"line":52,"column":18}},"15":{"start":{"line":55,"column":8},"end":{"line":55,"column":35}},"16":{"start":{"line":61,"column":4},"end":{"line":63,"column":9}},"17":{"start":{"line":62,"column":8},"end":{"line":62,"column":15}},"18":{"start":{"line":64,"column":4},"end":{"line":77,"column":5}},"19":{"start":{"line":70,"column":8},"end":{"line":70,"column":14}},"20":{"start":{"line":76,"column":8},"end":{"line":76,"column":14}},"21":{"start":{"line":82,"column":4},"end":{"line":84,"column":9}},"22":{"start":{"line":83,"column":8},"end":{"line":83,"column":15}},"23":{"start":{"line":85,"column":4},"end":{"line":194,"column":5}},"24":{"start":{"line":91,"column":8},"end":{"line":99,"column":10}},"25":{"start":{"line":98,"column":12},"end":{"line":98,"column":35}},"26":{"start":{"line":102,"column":8},"end":{"line":104,"column":63}},"27":{"start":{"line":105,"column":8},"end":{"line":105,"column":14}},"28":{"start":{"line":112,"column":8},"end":{"line":121,"column":10},"skip":true},"29":{"start":{"line":119,"column":12},"end":{"line":119,"column":55},"skip":true},"30":{"start":{"line":120,"column":12},"end":{"line":120,"column":48},"skip":true},"31":{"start":{"line":123,"column":8},"end":{"line":136,"column":10},"skip":true},"32":{"start":{"line":130,"column":12},"end":{"line":130,"column":76},"skip":true},"33":{"start":{"line":131,"column":12},"end":{"line":131,"column":73},"skip":true},"34":{"start":{"line":132,"column":12},"end":{"line":132,"column":74},"skip":true},"35":{"start":{"line":133,"column":12},"end":{"line":133,"column":79},"skip":true},"36":{"start":{"line":134,"column":12},"end":{"line":134,"column":25},"skip":true},"37":{"start":{"line":135,"column":12},"end":{"line":135,"column":45},"skip":true},"38":{"start":{"line":138,"column":8},"end":{"line":145,"column":14},"skip":true},"39":{"start":{"line":143,"column":16},"end":{"line":143,"column":29},"skip":true},"40":{"start":{"line":144,"column":16},"end":{"line":144,"column":55},"skip":true},"41":{"start":{"line":147,"column":8},"end":{"line":156,"column":10},"skip":true},"42":{"start":{"line":154,"column":12},"end":{"line":154,"column":25},"skip":true},"43":{"start":{"line":155,"column":12},"end":{"line":155,"column":45},"skip":true},"44":{"start":{"line":158,"column":8},"end":{"line":167,"column":10},"skip":true},"45":{"start":{"line":165,"column":12},"end":{"line":165,"column":25},"skip":true},"46":{"start":{"line":166,"column":12},"end":{"line":166,"column":48},"skip":true},"47":{"start":{"line":169,"column":8},"end":{"line":178,"column":10},"skip":true},"48":{"start":{"line":176,"column":12},"end":{"line":176,"column":25},"skip":true},"49":{"start":{"line":177,"column":12},"end":{"line":177,"column":46},"skip":true},"50":{"start":{"line":180,"column":8},"end":{"line":189,"column":10},"skip":true},"51":{"start":{"line":187,"column":12},"end":{"line":187,"column":94},"skip":true},"52":{"start":{"line":188,"column":12},"end":{"line":188,"column":48},"skip":true},"53":{"start":{"line":192,"column":8},"end":{"line":192,"column":35},"skip":true},"54":{"start":{"line":193,"column":8},"end":{"line":193,"column":14},"skip":true}},"branchMap":{"1":{"line":25,"type":"binary-expr","locations":[{"start":{"line":25,"column":23},"end":{"line":25,"column":62}},{"start":{"line":26,"column":20},"end":{"line":26,"column":70}},{"start":{"line":27,"column":20},"end":{"line":27,"column":71}},{"start":{"line":28,"column":20},"end":{"line":28,"column":29}}]},"2":{"line":30,"type":"binary-expr","locations":[{"start":{"line":30,"column":23},"end":{"line":30,"column":37}},{"start":{"line":31,"column":20},"end":{"line":31,"column":61}},{"start":{"line":32,"column":20},"end":{"line":32,"column":70}},{"start":{"line":33,"column":20},"end":{"line":33,"column":26}}]},"3":{"line":37,"type":"cond-expr","locations":[{"start":{"line":38,"column":14},"end":{"line":38,"column":20}},{"start":{"line":39,"column":14},"end":{"line":39,"column":20}}]},"4":{"line":40,"type":"switch","locations":[{"start":{"line":42,"column":8},"end":{"line":47,"column":18}},{"start":{"line":49,"column":8},"end":{"line":52,"column":18}}]},"5":{"line":44,"type":"binary-expr","locations":[{"start":{"line":44,"column":16},"end":{"line":44,"column":44}},{"start":{"line":44,"column":48},"end":{"line":44,"column":66}}]},"6":{"line":50,"type":"binary-expr","locations":[{"start":{"line":50,"column":21},"end":{"line":50,"column":49}},{"start":{"line":50,"column":53},"end":{"line":50,"column":72}}]},"7":{"line":64,"type":"switch","locations":[{"start":{"line":69,"column":4},"end":{"line":70,"column":14}},{"start":{"line":75,"column":4},"end":{"line":76,"column":14}}]},"8":{"line":85,"type":"switch","locations":[{"start":{"line":90,"column":4},"end":{"line":105,"column":14}},{"start":{"line":111,"column":4},"end":{"line":193,"column":14},"skip":true}]},"9":{"line":91,"type":"binary-expr","locations":[{"start":{"line":91,"column":42},"end":{"line":91,"column":73}},{"start":{"line":91,"column":77},"end":{"line":99,"column":9}}]},"10":{"line":102,"type":"binary-expr","locations":[{"start":{"line":102,"column":18},"end":{"line":102,"column":32}},{"start":{"line":103,"column":12},"end":{"line":103,"column":53}},{"start":{"line":104,"column":12},"end":{"line":104,"column":61}}]},"11":{"line":112,"type":"binary-expr","locations":[{"start":{"line":112,"column":45},"end":{"line":112,"column":79},"skip":true},{"start":{"line":112,"column":83},"end":{"line":121,"column":9},"skip":true}]},"12":{"line":123,"type":"binary-expr","locations":[{"start":{"line":123,"column":42},"end":{"line":123,"column":73},"skip":true},{"start":{"line":123,"column":77},"end":{"line":136,"column":9},"skip":true}]},"13":{"line":138,"type":"binary-expr","locations":[{"start":{"line":138,"column":48},"end":{"line":138,"column":85},"skip":true},{"start":{"line":139,"column":12},"end":{"line":145,"column":13},"skip":true}]},"14":{"line":147,"type":"binary-expr","locations":[{"start":{"line":147,"column":42},"end":{"line":147,"column":73},"skip":true},{"start":{"line":147,"column":77},"end":{"line":156,"column":9},"skip":true}]},"15":{"line":158,"type":"binary-expr","locations":[{"start":{"line":158,"column":45},"end":{"line":158,"column":79},"skip":true},{"start":{"line":158,"column":83},"end":{"line":167,"column":9},"skip":true}]},"16":{"line":169,"type":"binary-expr","locations":[{"start":{"line":169,"column":43},"end":{"line":169,"column":75},"skip":true},{"start":{"line":169,"column":79},"end":{"line":178,"column":9},"skip":true}]},"17":{"line":180,"type":"binary-expr","locations":[{"start":{"line":180,"column":41},"end":{"line":180,"column":71},"skip":true},{"start":{"line":180,"column":75},"end":{"line":189,"column":9},"skip":true}]}},"code":["/* istanbul instrument in package npmtest_nrf */","/*jslint","    bitwise: true,","    browser: true,","    maxerr: 8,","    maxlen: 96,","    node: true,","    nomen: true,","    regexp: true,","    stupid: true","*/","(function () {","    'use strict';","    var local;","","","","    // run shared js-env code - pre-init","    (function () {","        // init local","        local = {};","        // init modeJs","        local.modeJs = (function () {","            try {","                return typeof navigator.userAgent === 'string' &&","                    typeof document.querySelector('body') === 'object' &&","                    typeof XMLHttpRequest.prototype.open === 'function' &&","                    'browser';","            } catch (errorCaughtBrowser) {","                return module.exports &&","                    typeof process.versions.node === 'string' &&","                    typeof require('http').createServer === 'function' &&","                    'node';","            }","        }());","        // init global","        local.global = local.modeJs === 'browser'","            ? window","            : global;","        switch (local.modeJs) {","        // re-init local from window.local","        case 'browser':","            local = local.global.utility2.objectSetDefault(","                local.global.utility2_rollup || local.global.local,","                local.global.utility2","            );","            break;","        // re-init local from example.js","        case 'node':","            local = (local.global.utility2_rollup || require('utility2'))","                .requireExampleJsFromReadme();","            break;","        }","        // export local","        local.global.local = local;","    }());","","","","    // run shared js-env code - function","    (function () {","        return;","    }());","    switch (local.modeJs) {","","","","    // run browser js-env code - function","    case 'browser':","        break;","","","","    // run node js-env code - function","    case 'node':","        break;","    }","","","","    // run shared js-env code - post-init","    (function () {","        return;","    }());","    switch (local.modeJs) {","","","","    // run browser js-env code - post-init","    case 'browser':","        local.testCase_browser_nullCase = local.testCase_browser_nullCase || function (","            options,","            onError","        ) {","        /*","         * this function will test browsers's null-case handling-behavior-behavior","         */","            onError(null, options);","        };","","        // run tests","        local.nop(local.modeTest &&","            document.querySelector('#testRunButton1') &&","            document.querySelector('#testRunButton1').click());","        break;","","","","    // run node js-env code - post-init","    /* istanbul ignore next */","    case 'node':","        local.testCase_buildApidoc_default = local.testCase_buildApidoc_default || function (","            options,","            onError","        ) {","        /*","         * this function will test buildApidoc's default handling-behavior-behavior","         */","            options = { modulePathList: module.paths };","            local.buildApidoc(options, onError);","        };","","        local.testCase_buildApp_default = local.testCase_buildApp_default || function (","            options,","            onError","        ) {","        /*","         * this function will test buildApp's default handling-behavior-behavior","         */","            local.testCase_buildReadme_default(options, local.onErrorThrow);","            local.testCase_buildLib_default(options, local.onErrorThrow);","            local.testCase_buildTest_default(options, local.onErrorThrow);","            local.testCase_buildCustomOrg_default(options, local.onErrorThrow);","            options = [];","            local.buildApp(options, onError);","        };","","        local.testCase_buildCustomOrg_default = local.testCase_buildCustomOrg_default ||","            function (options, onError) {","            /*","             * this function will test buildCustomOrg's default handling-behavior","             */","                options = {};","                local.buildCustomOrg(options, onError);","            };","","        local.testCase_buildLib_default = local.testCase_buildLib_default || function (","            options,","            onError","        ) {","        /*","         * this function will test buildLib's default handling-behavior","         */","            options = {};","            local.buildLib(options, onError);","        };","","        local.testCase_buildReadme_default = local.testCase_buildReadme_default || function (","            options,","            onError","        ) {","        /*","         * this function will test buildReadme's default handling-behavior-behavior","         */","            options = {};","            local.buildReadme(options, onError);","        };","","        local.testCase_buildTest_default = local.testCase_buildTest_default || function (","            options,","            onError","        ) {","        /*","         * this function will test buildTest's default handling-behavior","         */","            options = {};","            local.buildTest(options, onError);","        };","","        local.testCase_webpage_default = local.testCase_webpage_default || function (","            options,","            onError","        ) {","        /*","         * this function will test webpage's default handling-behavior","         */","            options = { modeCoverageMerge: true, url: local.serverLocalHost + '?modeTest=1' };","            local.browserTest(options, onError);","        };","","        // run test-server","        local.testRunServer(local);","        break;","    }","}());",""],"l":{"12":2,"14":2,"19":2,"21":2,"23":2,"24":2,"25":2,"30":1,"37":2,"40":2,"43":1,"47":1,"50":1,"52":1,"55":2,"61":2,"62":2,"64":2,"70":1,"76":1,"82":2,"83":2,"85":2,"91":1,"98":1,"102":1,"105":1,"112":1,"119":1,"120":1,"123":1,"130":1,"131":1,"132":1,"133":1,"134":1,"135":1,"138":1,"143":2,"144":2,"147":1,"154":2,"155":2,"158":1,"165":2,"166":2,"169":1,"176":2,"177":2,"180":1,"187":1,"188":1,"192":1,"193":1}},"/home/travis/build/npmtest/node-npmtest-nrf/lib.npmtest_nrf.js":{"path":"/home/travis/build/npmtest/node-npmtest-nrf/lib.npmtest_nrf.js","s":{"1":2,"2":2,"3":2,"4":2,"5":2,"6":2,"7":2,"8":1,"9":2,"10":2,"11":2,"12":2,"13":1,"14":1,"15":1,"16":1},"b":{"1":[2,1,1,1],"2":[1,1,1,1],"3":[1,1],"4":[2,2],"5":[1,1]},"f":{"1":2,"2":2,"3":2},"fnMap":{"1":{"name":"(anonymous_1)","line":12,"loc":{"start":{"line":12,"column":1},"end":{"line":12,"column":13}}},"2":{"name":"(anonymous_2)","line":19,"loc":{"start":{"line":19,"column":5},"end":{"line":19,"column":17}}},"3":{"name":"(anonymous_3)","line":23,"loc":{"start":{"line":23,"column":24},"end":{"line":23,"column":36}}}},"statementMap":{"1":{"start":{"line":12,"column":0},"end":{"line":53,"column":5}},"2":{"start":{"line":14,"column":4},"end":{"line":14,"column":14}},"3":{"start":{"line":19,"column":4},"end":{"line":52,"column":9}},"4":{"start":{"line":21,"column":8},"end":{"line":21,"column":19}},"5":{"start":{"line":23,"column":8},"end":{"line":35,"column":13}},"6":{"start":{"line":24,"column":12},"end":{"line":34,"column":13}},"7":{"start":{"line":25,"column":16},"end":{"line":28,"column":30}},"8":{"start":{"line":30,"column":16},"end":{"line":33,"column":27}},"9":{"start":{"line":37,"column":8},"end":{"line":39,"column":21}},"10":{"start":{"line":41,"column":8},"end":{"line":41,"column":54}},"11":{"start":{"line":43,"column":8},"end":{"line":43,"column":48}},"12":{"start":{"line":45,"column":8},"end":{"line":51,"column":9}},"13":{"start":{"line":46,"column":12},"end":{"line":46,"column":54}},"14":{"start":{"line":48,"column":12},"end":{"line":48,"column":35}},"15":{"start":{"line":49,"column":12},"end":{"line":49,"column":49}},"16":{"start":{"line":50,"column":12},"end":{"line":50,"column":43}}},"branchMap":{"1":{"line":25,"type":"binary-expr","locations":[{"start":{"line":25,"column":23},"end":{"line":25,"column":62}},{"start":{"line":26,"column":20},"end":{"line":26,"column":70}},{"start":{"line":27,"column":20},"end":{"line":27,"column":71}},{"start":{"line":28,"column":20},"end":{"line":28,"column":29}}]},"2":{"line":30,"type":"binary-expr","locations":[{"start":{"line":30,"column":23},"end":{"line":30,"column":37}},{"start":{"line":31,"column":20},"end":{"line":31,"column":61}},{"start":{"line":32,"column":20},"end":{"line":32,"column":70}},{"start":{"line":33,"column":20},"end":{"line":33,"column":26}}]},"3":{"line":37,"type":"cond-expr","locations":[{"start":{"line":38,"column":14},"end":{"line":38,"column":20}},{"start":{"line":39,"column":14},"end":{"line":39,"column":20}}]},"4":{"line":41,"type":"binary-expr","locations":[{"start":{"line":41,"column":16},"end":{"line":41,"column":44}},{"start":{"line":41,"column":48},"end":{"line":41,"column":53}}]},"5":{"line":45,"type":"if","locations":[{"start":{"line":45,"column":8},"end":{"line":45,"column":8}},{"start":{"line":45,"column":8},"end":{"line":45,"column":8}}]}},"code":["/* istanbul instrument in package npmtest_nrf */","/*jslint","    bitwise: true,","    browser: true,","    maxerr: 8,","    maxlen: 96,","    node: true,","    nomen: true,","    regexp: true,","    stupid: true","*/","(function () {","    'use strict';","    var local;","","","","    // run shared js-env code - pre-init","    (function () {","        // init local","        local = {};","        // init modeJs","        local.modeJs = (function () {","            try {","                return typeof navigator.userAgent === 'string' &&","                    typeof document.querySelector('body') === 'object' &&","                    typeof XMLHttpRequest.prototype.open === 'function' &&","                    'browser';","            } catch (errorCaughtBrowser) {","                return module.exports &&","                    typeof process.versions.node === 'string' &&","                    typeof require('http').createServer === 'function' &&","                    'node';","            }","        }());","        // init global","        local.global = local.modeJs === 'browser'","            ? window","            : global;","        // init utility2_rollup","        local = local.global.utility2_rollup || local;","        // init lib","        local.local = local.npmtest_nrf = local;","        // init exports","        if (local.modeJs === 'browser') {","            local.global.utility2_npmtest_nrf = local;","        } else {","            module.exports = local;","            module.exports.__dirname = __dirname;","            module.exports.module = module;","        }","    }());","}());",""],"l":{"12":2,"14":2,"19":2,"21":2,"23":2,"24":2,"25":2,"30":1,"37":2,"41":2,"43":2,"45":2,"46":1,"48":1,"49":1,"50":1}},"/home/travis/build/npmtest/node-npmtest-nrf/example.js":{"path":"/home/travis/build/npmtest/node-npmtest-nrf/example.js","s":{"1":2,"2":2,"3":2,"4":2,"5":2,"6":2,"7":2,"8":1,"9":2,"10":2,"11":2,"12":2,"13":1,"14":2,"15":2,"16":2,"17":2,"18":2,"19":0,"20":2,"21":1,"22":1,"23":1,"24":1,"25":1,"26":0,"27":0,"28":1,"29":1,"30":2,"31":0,"32":0,"33":0,"34":1,"35":2,"36":2,"37":3,"38":3,"39":3,"40":3,"41":0,"42":3,"43":3,"44":3,"45":1,"46":3,"47":1,"48":1,"49":1,"50":1,"51":1,"52":1,"53":1,"54":1,"55":1,"56":1,"57":0,"58":1,"59":6,"60":6,"61":1,"62":2,"63":0,"64":2,"65":1,"66":1,"67":0,"68":0,"69":0,"70":0,"71":0,"72":0,"73":0,"74":0,"75":0,"76":0,"77":0,"78":0,"79":0,"80":0,"81":0,"82":0,"83":0},"b":{"1":[2,1,1,1],"2":[1,1,1,1],"3":[1,1],"4":[2,2],"5":[1,1],"6":[1,1],"7":[2,0],"8":[2,1,1,1,1,1],"9":[0,2,0],"10":[1,1],"11":[2,1,1],"12":[1,0],"13":[0,2],"14":[2,0,0,0,0,0,0],"15":[0,3],"16":[3,0],"17":[1,1],"18":[0,1],"19":[1,2,0,2],"20":[1,0],"21":[1,1],"22":[0,0],"23":[0,0],"24":[0,0],"25":[0,0],"26":[0,0],"27":[0,0],"28":[0,0]},"f":{"1":2,"2":2,"3":2,"4":2,"5":2,"6":2,"7":3,"8":3,"9":3,"10":1,"11":6,"12":0},"fnMap":{"1":{"name":"(anonymous_1)","line":26,"loc":{"start":{"line":26,"column":1},"end":{"line":26,"column":13}}},"2":{"name":"(anonymous_2)","line":33,"loc":{"start":{"line":33,"column":5},"end":{"line":33,"column":17}}},"3":{"name":"(anonymous_3)","line":37,"loc":{"start":{"line":37,"column":24},"end":{"line":37,"column":36}}},"4":{"name":"(anonymous_4)","line":69,"loc":{"start":{"line":69,"column":31},"end":{"line":69,"column":48}},"skip":true},"5":{"name":"(anonymous_5)","line":78,"loc":{"start":{"line":78,"column":26},"end":{"line":78,"column":45}},"skip":true},"6":{"name":"(anonymous_6)","line":123,"loc":{"start":{"line":123,"column":33},"end":{"line":123,"column":48}},"skip":true},"7":{"name":"(anonymous_7)","line":125,"loc":{"start":{"line":125,"column":27},"end":{"line":125,"column":39}},"skip":true},"8":{"name":"(anonymous_8)","line":133,"loc":{"start":{"line":133,"column":59},"end":{"line":133,"column":74}},"skip":true},"9":{"name":"(anonymous_9)","line":143,"loc":{"start":{"line":143,"column":45},"end":{"line":143,"column":62}},"skip":true},"10":{"name":"(anonymous_10)","line":144,"loc":{"start":{"line":144,"column":73},"end":{"line":144,"column":92}},"skip":true},"11":{"name":"(anonymous_11)","line":272,"loc":{"start":{"line":272,"column":51},"end":{"line":272,"column":77}},"skip":true},"12":{"name":"(anonymous_12)","line":315,"loc":{"start":{"line":315,"column":32},"end":{"line":315,"column":61}},"skip":true}},"statementMap":{"1":{"start":{"line":26,"column":0},"end":{"line":326,"column":5}},"2":{"start":{"line":28,"column":4},"end":{"line":28,"column":14}},"3":{"start":{"line":33,"column":4},"end":{"line":60,"column":9}},"4":{"start":{"line":35,"column":8},"end":{"line":35,"column":19}},"5":{"start":{"line":37,"column":8},"end":{"line":49,"column":13}},"6":{"start":{"line":38,"column":12},"end":{"line":48,"column":13}},"7":{"start":{"line":39,"column":16},"end":{"line":42,"column":30}},"8":{"start":{"line":44,"column":16},"end":{"line":47,"column":27}},"9":{"start":{"line":51,"column":8},"end":{"line":53,"column":21}},"10":{"start":{"line":55,"column":8},"end":{"line":57,"column":45}},"11":{"start":{"line":59,"column":8},"end":{"line":59,"column":35}},"12":{"start":{"line":61,"column":4},"end":{"line":325,"column":5}},"13":{"start":{"line":69,"column":8},"end":{"line":121,"column":10},"skip":true},"14":{"start":{"line":70,"column":12},"end":{"line":88,"column":13},"skip":true},"15":{"start":{"line":76,"column":16},"end":{"line":87,"column":19},"skip":true},"16":{"start":{"line":79,"column":20},"end":{"line":86,"column":21},"skip":true},"17":{"start":{"line":82,"column":24},"end":{"line":82,"column":43},"skip":true},"18":{"start":{"line":83,"column":24},"end":{"line":83,"column":30},"skip":true},"19":{"start":{"line":85,"column":24},"end":{"line":85,"column":49},"skip":true},"20":{"start":{"line":89,"column":12},"end":{"line":107,"column":13},"skip":true},"21":{"start":{"line":92,"column":16},"end":{"line":102,"column":17},"skip":true},"22":{"start":{"line":93,"column":20},"end":{"line":93,"column":86},"skip":true},"23":{"start":{"line":94,"column":20},"end":{"line":95,"column":45},"skip":true},"24":{"start":{"line":96,"column":20},"end":{"line":96,"column":42},"skip":true},"25":{"start":{"line":97,"column":20},"end":{"line":97,"column":48},"skip":true},"26":{"start":{"line":100,"column":20},"end":{"line":100,"column":85},"skip":true},"27":{"start":{"line":101,"column":20},"end":{"line":101,"column":96},"skip":true},"28":{"start":{"line":103,"column":16},"end":{"line":103,"column":22},"skip":true},"29":{"start":{"line":106,"column":16},"end":{"line":106,"column":22},"skip":true},"30":{"start":{"line":108,"column":12},"end":{"line":120,"column":13},"skip":true},"31":{"start":{"line":114,"column":16},"end":{"line":119,"column":17},"skip":true},"32":{"start":{"line":116,"column":20},"end":{"line":116,"column":78},"skip":true},"33":{"start":{"line":118,"column":20},"end":{"line":118,"column":47},"skip":true},"34":{"start":{"line":123,"column":8},"end":{"line":141,"column":11},"skip":true},"35":{"start":{"line":124,"column":12},"end":{"line":124,"column":54},"skip":true},"36":{"start":{"line":125,"column":12},"end":{"line":140,"column":14},"skip":true},"37":{"start":{"line":126,"column":16},"end":{"line":126,"column":28},"skip":true},"38":{"start":{"line":127,"column":16},"end":{"line":127,"column":69},"skip":true},"39":{"start":{"line":128,"column":16},"end":{"line":128,"column":75},"skip":true},"40":{"start":{"line":129,"column":16},"end":{"line":131,"column":17},"skip":true},"41":{"start":{"line":130,"column":20},"end":{"line":130,"column":27},"skip":true},"42":{"start":{"line":133,"column":16},"end":{"line":137,"column":36},"skip":true},"43":{"start":{"line":134,"column":20},"end":{"line":136,"column":55},"skip":true},"44":{"start":{"line":139,"column":16},"end":{"line":139,"column":57},"skip":true},"45":{"start":{"line":143,"column":8},"end":{"line":147,"column":11},"skip":true},"46":{"start":{"line":144,"column":12},"end":{"line":146,"column":15},"skip":true},"47":{"start":{"line":145,"column":16},"end":{"line":145,"column":70},"skip":true},"48":{"start":{"line":149,"column":8},"end":{"line":149,"column":31},"skip":true},"49":{"start":{"line":150,"column":8},"end":{"line":150,"column":14},"skip":true},"50":{"start":{"line":158,"column":8},"end":{"line":158,"column":31},"skip":true},"51":{"start":{"line":160,"column":8},"end":{"line":160,"column":33},"skip":true},"52":{"start":{"line":161,"column":8},"end":{"line":161,"column":37},"skip":true},"53":{"start":{"line":162,"column":8},"end":{"line":162,"column":35},"skip":true},"54":{"start":{"line":164,"column":8},"end":{"line":164,"column":50},"skip":true},"55":{"start":{"line":166,"column":8},"end":{"line":256,"column":2},"skip":true},"56":{"start":{"line":258,"column":8},"end":{"line":286,"column":9},"skip":true},"57":{"start":{"line":259,"column":12},"end":{"line":269,"column":14},"skip":true},"58":{"start":{"line":271,"column":12},"end":{"line":285,"column":19},"skip":true},"59":{"start":{"line":274,"column":20},"end":{"line":274,"column":35},"skip":true},"60":{"start":{"line":275,"column":20},"end":{"line":284,"column":21},"skip":true},"61":{"start":{"line":277,"column":24},"end":{"line":277,"column":64},"skip":true},"62":{"start":{"line":279,"column":24},"end":{"line":279,"column":40},"skip":true},"63":{"start":{"line":281,"column":24},"end":{"line":281,"column":40},"skip":true},"64":{"start":{"line":283,"column":24},"end":{"line":283,"column":39},"skip":true},"65":{"start":{"line":288,"column":8},"end":{"line":290,"column":9},"skip":true},"66":{"start":{"line":289,"column":12},"end":{"line":289,"column":18},"skip":true},"67":{"start":{"line":291,"column":8},"end":{"line":293,"column":54},"skip":true},"68":{"start":{"line":296,"column":8},"end":{"line":301,"column":37},"skip":true},"69":{"start":{"line":303,"column":8},"end":{"line":303,"column":82},"skip":true},"70":{"start":{"line":306,"column":8},"end":{"line":308,"column":9},"skip":true},"71":{"start":{"line":307,"column":12},"end":{"line":307,"column":82},"skip":true},"72":{"start":{"line":310,"column":8},"end":{"line":312,"column":9},"skip":true},"73":{"start":{"line":311,"column":12},"end":{"line":311,"column":18},"skip":true},"74":{"start":{"line":313,"column":8},"end":{"line":313,"column":54},"skip":true},"75":{"start":{"line":314,"column":8},"end":{"line":314,"column":69},"skip":true},"76":{"start":{"line":315,"column":8},"end":{"line":323,"column":36},"skip":true},"77":{"start":{"line":316,"column":12},"end":{"line":316,"column":61},"skip":true},"78":{"start":{"line":317,"column":12},"end":{"line":320,"column":13},"skip":true},"79":{"start":{"line":318,"column":16},"end":{"line":318,"column":75},"skip":true},"80":{"start":{"line":319,"column":16},"end":{"line":319,"column":23},"skip":true},"81":{"start":{"line":321,"column":12},"end":{"line":321,"column":38},"skip":true},"82":{"start":{"line":322,"column":12},"end":{"line":322,"column":27},"skip":true},"83":{"start":{"line":324,"column":8},"end":{"line":324,"column":14},"skip":true}},"branchMap":{"1":{"line":39,"type":"binary-expr","locations":[{"start":{"line":39,"column":23},"end":{"line":39,"column":62}},{"start":{"line":40,"column":20},"end":{"line":40,"column":70}},{"start":{"line":41,"column":20},"end":{"line":41,"column":71}},{"start":{"line":42,"column":20},"end":{"line":42,"column":29}}]},"2":{"line":44,"type":"binary-expr","locations":[{"start":{"line":44,"column":23},"end":{"line":44,"column":37}},{"start":{"line":45,"column":20},"end":{"line":45,"column":61}},{"start":{"line":46,"column":20},"end":{"line":46,"column":70}},{"start":{"line":47,"column":20},"end":{"line":47,"column":26}}]},"3":{"line":51,"type":"cond-expr","locations":[{"start":{"line":52,"column":14},"end":{"line":52,"column":20}},{"start":{"line":53,"column":14},"end":{"line":53,"column":20}}]},"4":{"line":55,"type":"binary-expr","locations":[{"start":{"line":55,"column":16},"end":{"line":55,"column":44}},{"start":{"line":55,"column":49},"end":{"line":57,"column":43}}]},"5":{"line":55,"type":"cond-expr","locations":[{"start":{"line":56,"column":14},"end":{"line":56,"column":47}},{"start":{"line":57,"column":14},"end":{"line":57,"column":43}}]},"6":{"line":61,"type":"switch","locations":[{"start":{"line":68,"column":4},"end":{"line":150,"column":14},"skip":true},{"start":{"line":156,"column":4},"end":{"line":324,"column":14},"skip":true}]},"7":{"line":70,"type":"if","locations":[{"start":{"line":70,"column":12},"end":{"line":70,"column":12},"skip":true},{"start":{"line":70,"column":12},"end":{"line":70,"column":12},"skip":true}]},"8":{"line":70,"type":"binary-expr","locations":[{"start":{"line":70,"column":16},"end":{"line":70,"column":22},"skip":true},{"start":{"line":70,"column":27},"end":{"line":70,"column":32},"skip":true},{"start":{"line":71,"column":20},"end":{"line":71,"column":39},"skip":true},{"start":{"line":72,"column":20},"end":{"line":72,"column":49},"skip":true},{"start":{"line":73,"column":20},"end":{"line":73,"column":58},"skip":true},{"start":{"line":74,"column":20},"end":{"line":74,"column":69},"skip":true}]},"9":{"line":79,"type":"switch","locations":[{"start":{"line":80,"column":20},"end":{"line":80,"column":33},"skip":true},{"start":{"line":81,"column":20},"end":{"line":83,"column":30},"skip":true},{"start":{"line":84,"column":20},"end":{"line":85,"column":49},"skip":true}]},"10":{"line":89,"type":"switch","locations":[{"start":{"line":90,"column":12},"end":{"line":103,"column":22},"skip":true},{"start":{"line":105,"column":12},"end":{"line":106,"column":22},"skip":true}]},"11":{"line":89,"type":"binary-expr","locations":[{"start":{"line":89,"column":20},"end":{"line":89,"column":25},"skip":true},{"start":{"line":89,"column":29},"end":{"line":89,"column":48},"skip":true},{"start":{"line":89,"column":52},"end":{"line":89,"column":74},"skip":true}]},"12":{"line":92,"type":"if","locations":[{"start":{"line":92,"column":16},"end":{"line":92,"column":16},"skip":true},{"start":{"line":92,"column":16},"end":{"line":92,"column":16},"skip":true}]},"13":{"line":108,"type":"if","locations":[{"start":{"line":108,"column":12},"end":{"line":108,"column":12},"skip":true},{"start":{"line":108,"column":12},"end":{"line":108,"column":12},"skip":true}]},"14":{"line":108,"type":"binary-expr","locations":[{"start":{"line":108,"column":16},"end":{"line":108,"column":61},"skip":true},{"start":{"line":108,"column":66},"end":{"line":108,"column":72},"skip":true},{"start":{"line":108,"column":77},"end":{"line":108,"column":82},"skip":true},{"start":{"line":109,"column":20},"end":{"line":109,"column":39},"skip":true},{"start":{"line":110,"column":20},"end":{"line":110,"column":49},"skip":true},{"start":{"line":111,"column":20},"end":{"line":111,"column":58},"skip":true},{"start":{"line":112,"column":20},"end":{"line":112,"column":68},"skip":true}]},"15":{"line":129,"type":"if","locations":[{"start":{"line":129,"column":16},"end":{"line":129,"column":16},"skip":true},{"start":{"line":129,"column":16},"end":{"line":129,"column":16},"skip":true}]},"16":{"line":134,"type":"cond-expr","locations":[{"start":{"line":135,"column":26},"end":{"line":135,"column":29},"skip":true},{"start":{"line":136,"column":26},"end":{"line":136,"column":54},"skip":true}]},"17":{"line":164,"type":"binary-expr","locations":[{"start":{"line":164,"column":27},"end":{"line":164,"column":43},"skip":true},{"start":{"line":164,"column":47},"end":{"line":164,"column":49},"skip":true}]},"18":{"line":258,"type":"if","locations":[{"start":{"line":258,"column":8},"end":{"line":258,"column":8},"skip":true},{"start":{"line":258,"column":8},"end":{"line":258,"column":8},"skip":true}]},"19":{"line":275,"type":"switch","locations":[{"start":{"line":276,"column":20},"end":{"line":277,"column":64},"skip":true},{"start":{"line":278,"column":20},"end":{"line":279,"column":40},"skip":true},{"start":{"line":280,"column":20},"end":{"line":281,"column":40},"skip":true},{"start":{"line":282,"column":20},"end":{"line":283,"column":39},"skip":true}]},"20":{"line":288,"type":"if","locations":[{"start":{"line":288,"column":8},"end":{"line":288,"column":8},"skip":true},{"start":{"line":288,"column":8},"end":{"line":288,"column":8},"skip":true}]},"21":{"line":288,"type":"binary-expr","locations":[{"start":{"line":288,"column":12},"end":{"line":288,"column":40},"skip":true},{"start":{"line":288,"column":44},"end":{"line":288,"column":67},"skip":true}]},"22":{"line":292,"type":"binary-expr","locations":[{"start":{"line":292,"column":12},"end":{"line":292,"column":50},"skip":true},{"start":{"line":293,"column":12},"end":{"line":293,"column":53},"skip":true}]},"23":{"line":297,"type":"binary-expr","locations":[{"start":{"line":297,"column":12},"end":{"line":297,"column":61},"skip":true},{"start":{"line":298,"column":12},"end":{"line":301,"column":36},"skip":true}]},"24":{"line":303,"type":"binary-expr","locations":[{"start":{"line":303,"column":43},"end":{"line":303,"column":75},"skip":true},{"start":{"line":303,"column":79},"end":{"line":303,"column":81},"skip":true}]},"25":{"line":306,"type":"if","locations":[{"start":{"line":306,"column":8},"end":{"line":306,"column":8},"skip":true},{"start":{"line":306,"column":8},"end":{"line":306,"column":8},"skip":true}]},"26":{"line":310,"type":"if","locations":[{"start":{"line":310,"column":8},"end":{"line":310,"column":8},"skip":true},{"start":{"line":310,"column":8},"end":{"line":310,"column":8},"skip":true}]},"27":{"line":313,"type":"binary-expr","locations":[{"start":{"line":313,"column":27},"end":{"line":313,"column":43},"skip":true},{"start":{"line":313,"column":47},"end":{"line":313,"column":53},"skip":true}]},"28":{"line":317,"type":"if","locations":[{"start":{"line":317,"column":12},"end":{"line":317,"column":12},"skip":true},{"start":{"line":317,"column":12},"end":{"line":317,"column":12},"skip":true}]}},"code":["/*","example.js","","quickstart example","","instruction","    1. save this script as example.js","    2. run the shell command:","        $ npm install npmtest-nrf && PORT=8081 node example.js","    3. play with the browser-demo on http://127.0.0.1:8081","*/","","","","/* istanbul instrument in package npmtest_nrf */","/*jslint","    bitwise: true,","    browser: true,","    maxerr: 8,","    maxlen: 96,","    node: true,","    nomen: true,","    regexp: true,","    stupid: true","*/","(function () {","    'use strict';","    var local;","","","","    // run shared js-env code - pre-init","    (function () {","        // init local","        local = {};","        // init modeJs","        local.modeJs = (function () {","            try {","                return typeof navigator.userAgent === 'string' &&","                    typeof document.querySelector('body') === 'object' &&","                    typeof XMLHttpRequest.prototype.open === 'function' &&","                    'browser';","            } catch (errorCaughtBrowser) {","                return module.exports &&","                    typeof process.versions.node === 'string' &&","                    typeof require('http').createServer === 'function' &&","                    'node';","            }","        }());","        // init global","        local.global = local.modeJs === 'browser'","            ? window","            : global;","        // init utility2_rollup","        local = local.global.utility2_rollup || (local.modeJs === 'browser'","            ? local.global.utility2_npmtest_nrf","            : global.utility2_moduleExports);","        // export local","        local.global.local = local;","    }());","    switch (local.modeJs) {","","","","    // post-init","    // run browser js-env code - post-init","    /* istanbul ignore next */","    case 'browser':","        local.testRunBrowser = function (event) {","            if (!event || (event &&","                    event.currentTarget &&","                    event.currentTarget.className &&","                    event.currentTarget.className.includes &&","                    event.currentTarget.className.includes('onreset'))) {","                // reset output","                Array.from(","                    document.querySelectorAll('body > .resettable')","                ).forEach(function (element) {","                    switch (element.tagName) {","                    case 'INPUT':","                    case 'TEXTAREA':","                        element.value = '';","                        break;","                    default:","                        element.textContent = '';","                    }","                });","            }","            switch (event && event.currentTarget && event.currentTarget.id) {","            case 'testRunButton1':","                // show tests","                if (document.querySelector('#testReportDiv1').style.display === 'none') {","                    document.querySelector('#testReportDiv1').style.display = 'block';","                    document.querySelector('#testRunButton1').textContent =","                        'hide internal test';","                    local.modeTest = true;","                    local.testRunDefault(local);","                // hide tests","                } else {","                    document.querySelector('#testReportDiv1').style.display = 'none';","                    document.querySelector('#testRunButton1').textContent = 'run internal test';","                }","                break;","            // custom-case","            default:","                break;","            }","            if (document.querySelector('#inputTextareaEval1') && (!event || (event &&","                    event.currentTarget &&","                    event.currentTarget.className &&","                    event.currentTarget.className.includes &&","                    event.currentTarget.className.includes('oneval')))) {","                // try to eval input-code","                try {","                    /*jslint evil: true*/","                    eval(document.querySelector('#inputTextareaEval1').value);","                } catch (errorCaught) {","                    console.error(errorCaught);","                }","            }","        };","        // log stderr and stdout to #outputTextareaStdout1","        ['error', 'log'].forEach(function (key) {","            console[key + '_original'] = console[key];","            console[key] = function () {","                var element;","                console[key + '_original'].apply(console, arguments);","                element = document.querySelector('#outputTextareaStdout1');","                if (!element) {","                    return;","                }","                // append text to #outputTextareaStdout1","                element.value += Array.from(arguments).map(function (arg) {","                    return typeof arg === 'string'","                        ? arg","                        : JSON.stringify(arg, null, 4);","                }).join(' ') + '\\n';","                // scroll textarea to bottom","                element.scrollTop = element.scrollHeight;","            };","        });","        // init event-handling","        ['change', 'click', 'keyup'].forEach(function (event) {","            Array.from(document.querySelectorAll('.on' + event)).forEach(function (element) {","                element.addEventListener(event, local.testRunBrowser);","            });","        });","        // run tests","        local.testRunBrowser();","        break;","","","","    // run node js-env code - post-init","    /* istanbul ignore next */","    case 'node':","        // export local","        module.exports = local;","        // require modules","        local.fs = require('fs');","        local.http = require('http');","        local.url = require('url');","        // init assets","        local.assetsDict = local.assetsDict || {};","        /* jslint-ignore-begin */","        local.assetsDict['/assets.index.template.html'] = '\\","<!doctype html>\\n\\","<html lang=\"en\">\\n\\","<head>\\n\\","<meta charset=\"UTF-8\">\\n\\","<meta name=\"viewport\" content=\"width=device-width, initial-scale=1\">\\n\\","<title>{{env.npm_package_name}} (v{{env.npm_package_version}})</title>\\n\\","<style>\\n\\","/*csslint\\n\\","    box-sizing: false,\\n\\","    universal-selector: false\\n\\","*/\\n\\","* {\\n\\","    box-sizing: border-box;\\n\\","}\\n\\","body {\\n\\","    background: #dde;\\n\\","    font-family: Arial, Helvetica, sans-serif;\\n\\","    margin: 2rem;\\n\\","}\\n\\","body > * {\\n\\","    margin-bottom: 1rem;\\n\\","}\\n\\",".utility2FooterDiv {\\n\\","    margin-top: 20px;\\n\\","    text-align: center;\\n\\","}\\n\\","</style>\\n\\","<style>\\n\\","/*csslint\\n\\","*/\\n\\","textarea {\\n\\","    font-family: monospace;\\n\\","    height: 10rem;\\n\\","    width: 100%;\\n\\","}\\n\\","textarea[readonly] {\\n\\","    background: #ddd;\\n\\","}\\n\\","</style>\\n\\","</head>\\n\\","<body>\\n\\","<!-- utility2-comment\\n\\","<div id=\"ajaxProgressDiv1\" style=\"background: #d00; height: 2px; left: 0; margin: 0; padding: 0; position: fixed; top: 0; transition: background 0.5s, width 1.5s; width: 25%;\"></div>\\n\\","utility2-comment -->\\n\\","<h1>\\n\\","<!-- utility2-comment\\n\\","    <a\\n\\","        {{#if env.npm_package_homepage}}\\n\\","        href=\"{{env.npm_package_homepage}}\"\\n\\","        {{/if env.npm_package_homepage}}\\n\\","        target=\"_blank\"\\n\\","    >\\n\\","utility2-comment -->\\n\\","        {{env.npm_package_name}} (v{{env.npm_package_version}})\\n\\","<!-- utility2-comment\\n\\","    </a>\\n\\","utility2-comment -->\\n\\","</h1>\\n\\","<h3>{{env.npm_package_description}}</h3>\\n\\","<!-- utility2-comment\\n\\","<h4><a download href=\"assets.app.js\">download standalone app</a></h4>\\n\\","<button class=\"onclick onreset\" id=\"testRunButton1\">run internal test</button><br>\\n\\","<div id=\"testReportDiv1\" style=\"display: none;\"></div>\\n\\","utility2-comment -->\\n\\","\\n\\","\\n\\","\\n\\","<label>stderr and stdout</label>\\n\\","<textarea class=\"resettable\" id=\"outputTextareaStdout1\" readonly></textarea>\\n\\","<!-- utility2-comment\\n\\","{{#if isRollup}}\\n\\","<script src=\"assets.app.js\"></script>\\n\\","{{#unless isRollup}}\\n\\","utility2-comment -->\\n\\","<script src=\"assets.utility2.rollup.js\"></script>\\n\\","<script src=\"jsonp.utility2._stateInit?callback=window.utility2._stateInit\"></script>\\n\\","<script src=\"assets.npmtest_nrf.rollup.js\"></script>\\n\\","<script src=\"assets.example.js\"></script>\\n\\","<script src=\"assets.test.js\"></script>\\n\\","<!-- utility2-comment\\n\\","{{/if isRollup}}\\n\\","utility2-comment -->\\n\\","<div class=\"utility2FooterDiv\">\\n\\","    [ this app was created with\\n\\","    <a href=\"https://github.com/kaizhu256/node-utility2\" target=\"_blank\">utility2</a>\\n\\","    ]\\n\\","</div>\\n\\","</body>\\n\\","</html>\\n\\","';","        /* jslint-ignore-end */","        if (local.templateRender) {","            local.assetsDict['/'] = local.templateRender(","                local.assetsDict['/assets.index.template.html'],","                {","                    env: local.objectSetDefault(local.env, {","                        npm_package_description: 'the greatest app in the world!',","                        npm_package_name: 'my-app',","                        npm_package_nameAlias: 'my_app',","                        npm_package_version: '0.0.1'","                    })","                }","            );","        } else {","            local.assetsDict['/'] = local.assetsDict['/assets.index.template.html']","                .replace((/\\{\\{env\\.(\\w+?)\\}\\}/g), function (match0, match1) {","                    // jslint-hack","                    String(match0);","                    switch (match1) {","                    case 'npm_package_description':","                        return 'the greatest app in the world!';","                    case 'npm_package_name':","                        return 'my-app';","                    case 'npm_package_nameAlias':","                        return 'my_app';","                    case 'npm_package_version':","                        return '0.0.1';","                    }","                });","        }","        // run the cli","        if (local.global.utility2_rollup || module !== require.main) {","            break;","        }","        local.assetsDict['/assets.example.js'] =","            local.assetsDict['/assets.example.js'] ||","            local.fs.readFileSync(__filename, 'utf8');","        // bug-workaround - long $npm_package_buildCustomOrg","        /* jslint-ignore-begin */","        local.assetsDict['/assets.npmtest_nrf.rollup.js'] =","            local.assetsDict['/assets.npmtest_nrf.rollup.js'] ||","            local.fs.readFileSync(","                local.npmtest_nrf.__dirname + '/lib.npmtest_nrf.js',","                'utf8'","            ).replace((/^#!/), '//');","        /* jslint-ignore-end */","        local.assetsDict['/favicon.ico'] = local.assetsDict['/favicon.ico'] || '';","        // if $npm_config_timeout_exit exists,","        // then exit this process after $npm_config_timeout_exit ms","        if (Number(process.env.npm_config_timeout_exit)) {","            setTimeout(process.exit, Number(process.env.npm_config_timeout_exit));","        }","        // start server","        if (local.global.utility2_serverHttp1) {","            break;","        }","        process.env.PORT = process.env.PORT || '8081';","        console.error('server starting on port ' + process.env.PORT);","        local.http.createServer(function (request, response) {","            request.urlParsed = local.url.parse(request.url);","            if (local.assetsDict[request.urlParsed.pathname] !== undefined) {","                response.end(local.assetsDict[request.urlParsed.pathname]);","                return;","            }","            response.statusCode = 404;","            response.end();","        }).listen(process.env.PORT);","        break;","    }","}());",""],"l":{"26":2,"28":2,"33":2,"35":2,"37":2,"38":2,"39":2,"44":1,"51":2,"55":2,"59":2,"61":2,"69":1,"70":2,"76":2,"79":2,"82":2,"83":2,"85":1,"89":2,"92":1,"93":1,"94":1,"96":1,"97":1,"100":1,"101":1,"103":1,"106":1,"108":2,"114":1,"116":1,"118":1,"123":1,"124":2,"125":2,"126":3,"127":3,"128":3,"129":3,"130":1,"133":3,"134":3,"139":3,"143":1,"144":3,"145":1,"149":1,"150":1,"158":1,"160":1,"161":1,"162":1,"164":1,"166":1,"258":1,"259":1,"271":1,"274":6,"275":6,"277":1,"279":2,"281":1,"283":2,"288":1,"289":1,"291":1,"296":1,"303":1,"306":1,"307":1,"310":1,"311":1,"313":1,"314":1,"315":1,"316":1,"317":1,"318":1,"319":1,"321":1,"322":1,"324":1}},"/home/travis/build/npmtest/node-npmtest-nrf/node_modules/nrf/index.js":{"path":"/home/travis/build/npmtest/node-npmtest-nrf/node_modules/nrf/index.js","s":{"1":1,"2":1,"3":1,"4":0,"5":0,"6":0,"7":0,"8":0,"9":1,"10":0,"11":0,"12":0,"13":0,"14":0,"15":1,"16":1,"17":2,"18":2,"19":0,"20":0,"21":0,"22":0,"23":0,"24":0,"25":0,"26":0,"27":0,"28":0,"29":0,"30":0,"31":0,"32":0,"33":0,"34":0,"35":0,"36":0,"37":0,"38":0,"39":0,"40":0,"41":0,"42":0,"43":0,"44":0,"45":0,"46":0,"47":0,"48":0,"49":0,"50":0,"51":0,"52":0,"53":0,"54":0,"55":0,"56":0,"57":0,"58":0,"59":1,"60":0,"61":0,"62":0,"63":0,"64":0,"65":0,"66":0,"67":0,"68":0,"69":0,"70":0,"71":0,"72":0,"73":1,"74":0,"75":0,"76":0,"77":0,"78":1,"79":0,"80":0,"81":0,"82":0,"83":0,"84":0,"85":0,"86":0,"87":0,"88":0,"89":0,"90":0,"91":0,"92":0,"93":0,"94":0,"95":0,"96":0,"97":0,"98":0,"99":0,"100":0,"101":1,"102":0,"103":0,"104":0,"105":0,"106":0,"107":0,"108":0,"109":0,"110":0,"111":0,"112":0,"113":0,"114":0,"115":0,"116":0,"117":0,"118":0,"119":0,"120":0,"121":0,"122":0,"123":0,"124":0,"125":0,"126":0,"127":0,"128":0,"129":0,"130":0,"131":0,"132":0,"133":0,"134":0,"135":0,"136":0,"137":0,"138":0,"139":0,"140":0,"141":0,"142":0,"143":0,"144":0,"145":0,"146":0,"147":0,"148":0,"149":0,"150":0,"151":0,"152":0,"153":0,"154":0,"155":0,"156":0,"157":0,"158":0,"159":0,"160":0,"161":0,"162":0,"163":0,"164":0,"165":0,"166":0,"167":0,"168":0,"169":0,"170":0,"171":0,"172":0,"173":0,"174":0,"175":0,"176":0,"177":0,"178":0,"179":0,"180":0,"181":0,"182":0,"183":0,"184":0,"185":0,"186":0,"187":0,"188":0,"189":0,"190":0,"191":0,"192":0,"193":0,"194":0,"195":0,"196":0,"197":0,"198":0,"199":0,"200":0,"201":0,"202":0,"203":0,"204":0,"205":0,"206":0,"207":0,"208":0,"209":0,"210":0,"211":0,"212":0,"213":0,"214":0,"215":0,"216":0,"217":0,"218":0,"219":0,"220":0,"221":0,"222":0,"223":0,"224":0,"225":0,"226":0,"227":0,"228":0,"229":0,"230":0,"231":0,"232":0,"233":0,"234":0,"235":0,"236":0,"237":0,"238":0,"239":0,"240":0,"241":1,"242":0,"243":1,"244":0,"245":0,"246":0,"247":0,"248":0,"249":0,"250":0,"251":0,"252":0,"253":0,"254":0,"255":0,"256":0,"257":0,"258":0,"259":0,"260":0,"261":0,"262":0,"263":0,"264":0,"265":0,"266":0,"267":0,"268":0,"269":0,"270":0,"271":0,"272":1,"273":0,"274":0,"275":0,"276":0,"277":0,"278":0,"279":0,"280":0,"281":0,"282":0,"283":0,"284":0,"285":0,"286":0,"287":0,"288":0,"289":0,"290":0,"291":0,"292":0,"293":0,"294":0,"295":0,"296":0,"297":0,"298":0,"299":0,"300":0,"301":0,"302":0,"303":0,"304":0,"305":0,"306":0,"307":0,"308":0,"309":0,"310":0,"311":0,"312":0,"313":0,"314":0,"315":0,"316":0,"317":0,"318":0,"319":0,"320":0,"321":0,"322":0,"323":0,"324":0,"325":0,"326":0,"327":0,"328":0,"329":0,"330":0,"331":0,"332":0,"333":0,"334":0,"335":0,"336":0,"337":0,"338":0,"339":0,"340":0,"341":0,"342":0,"343":0,"344":1,"345":0,"346":0,"347":0,"348":0,"349":0,"350":0,"351":0,"352":0,"353":0,"354":0,"355":0,"356":0,"357":0,"358":0,"359":0,"360":0,"361":0,"362":0,"363":0,"364":0,"365":0,"366":0,"367":0,"368":0,"369":0,"370":0,"371":0,"372":0,"373":0,"374":0,"375":0,"376":0,"377":0,"378":0,"379":0,"380":0,"381":0,"382":0,"383":0,"384":0,"385":0,"386":0,"387":0,"388":1,"389":0,"390":0,"391":0,"392":0,"393":0,"394":0,"395":0,"396":0,"397":0,"398":0,"399":0,"400":0,"401":0,"402":0,"403":0,"404":0,"405":0,"406":0,"407":0,"408":0,"409":0,"410":0,"411":0,"412":0,"413":0,"414":0,"415":0,"416":0,"417":0,"418":0,"419":0,"420":0,"421":0,"422":0,"423":0,"424":0,"425":0,"426":0,"427":0,"428":0,"429":0,"430":0,"431":0,"432":0,"433":0,"434":0,"435":0,"436":0,"437":0,"438":0,"439":0,"440":0,"441":0,"442":0,"443":0,"444":0,"445":0,"446":0,"447":0,"448":0,"449":0,"450":0,"451":0,"452":0,"453":0,"454":0,"455":0,"456":0,"457":0,"458":0,"459":0,"460":0,"461":0,"462":0,"463":0,"464":0,"465":0,"466":0,"467":0,"468":0,"469":0,"470":0,"471":0,"472":0,"473":0,"474":0,"475":0,"476":0,"477":0,"478":0,"479":0,"480":0,"481":0,"482":0,"483":0,"484":0,"485":1,"486":0,"487":0,"488":0,"489":0,"490":0,"491":1,"492":0,"493":0,"494":0,"495":0,"496":0,"497":0,"498":0,"499":0,"500":0,"501":0,"502":0,"503":0,"504":0,"505":0,"506":0,"507":0,"508":0,"509":0,"510":0,"511":0,"512":0,"513":0,"514":0,"515":0,"516":0,"517":0,"518":0,"519":0,"520":0,"521":0,"522":0,"523":0,"524":0,"525":0,"526":0,"527":0,"528":0,"529":0,"530":0,"531":0,"532":0,"533":0,"534":0,"535":0,"536":1,"537":0,"538":0,"539":0,"540":0,"541":0,"542":1,"543":0,"544":0,"545":0,"546":0,"547":0},"b":{"1":[0,0],"2":[0,0],"3":[0,0],"4":[0,0],"5":[0,0],"6":[0,0],"7":[0,0],"8":[0,0],"9":[0,0],"10":[0,0],"11":[0,0],"12":[0,0],"13":[0,0],"14":[0,0],"15":[0,0],"16":[0,0],"17":[0,0],"18":[0,0],"19":[0,0],"20":[0,0],"21":[0,0],"22":[0,0],"23":[0,0],"24":[0,0],"25":[0,0],"26":[0,0],"27":[0,0],"28":[0,0],"29":[0,0],"30":[0,0,0],"31":[0,0],"32":[0,0],"33":[0,0],"34":[0,0],"35":[0,0],"36":[0,0],"37":[0,0],"38":[0,0],"39":[0,0],"40":[0,0],"41":[0,0],"42":[0,0],"43":[0,0],"44":[0,0],"45":[0,0],"46":[0,0],"47":[0,0],"48":[0,0],"49":[0,0],"50":[0,0],"51":[0,0],"52":[0,0],"53":[0,0],"54":[0,0],"55":[0,0],"56":[0,0],"57":[0,0],"58":[0,0],"59":[0,0],"60":[0,0,0,0],"61":[0,0],"62":[0,0],"63":[0,0],"64":[0,0],"65":[0,0],"66":[0,0],"67":[0,0],"68":[0,0],"69":[0,0],"70":[0,0],"71":[0,0],"72":[0,0,0,0],"73":[0,0],"74":[0,0],"75":[0,0],"76":[0,0],"77":[0,0],"78":[0,0],"79":[0,0],"80":[0,0],"81":[0,0],"82":[0,0],"83":[0,0],"84":[0,0],"85":[0,0],"86":[0,0],"87":[0,0],"88":[0,0],"89":[0,0],"90":[0,0],"91":[0,0],"92":[0,0],"93":[0,0],"94":[0,0],"95":[0,0],"96":[0,0],"97":[0,0],"98":[0,0],"99":[0,0],"100":[0,0],"101":[0,0],"102":[0,0],"103":[0,0],"104":[0,0],"105":[0,0],"106":[0,0],"107":[0,0],"108":[0,0],"109":[0,0,0,0],"110":[0,0],"111":[0,0],"112":[0,0],"113":[0,0],"114":[0,0],"115":[0,0],"116":[0,0],"117":[0,0],"118":[0,0],"119":[0,0],"120":[0,0],"121":[0,0],"122":[0,0],"123":[0,0],"124":[0,0],"125":[0,0],"126":[0,0],"127":[0,0],"128":[0,0],"129":[0,0],"130":[0,0],"131":[0,0],"132":[0,0],"133":[0,0],"134":[0,0],"135":[0,0],"136":[0,0],"137":[0,0],"138":[0,0],"139":[0,0],"140":[0,0],"141":[0,0],"142":[0,0],"143":[0,0],"144":[0,0],"145":[0,0],"146":[0,0],"147":[0,0],"148":[0,0],"149":[0,0],"150":[0,0],"151":[0,0],"152":[0,0],"153":[0,0],"154":[0,0],"155":[0,0],"156":[0,0],"157":[0,0],"158":[0,0],"159":[0,0],"160":[0,0],"161":[0,0],"162":[0,0],"163":[0,0],"164":[0,0],"165":[0,0],"166":[0,0],"167":[0,0],"168":[0,0],"169":[0,0],"170":[0,0],"171":[0,0],"172":[0,0],"173":[0,0],"174":[0,0]},"f":{"1":0,"2":0,"3":0,"4":0,"5":0,"6":0,"7":2,"8":0,"9":0,"10":0,"11":0,"12":0,"13":0,"14":0,"15":0,"16":0,"17":0,"18":0,"19":0,"20":0,"21":0,"22":0,"23":0,"24":0,"25":0,"26":0,"27":0,"28":0,"29":0,"30":0,"31":0,"32":0,"33":0,"34":0,"35":0,"36":0,"37":0,"38":0,"39":0,"40":0,"41":0,"42":0,"43":0,"44":0,"45":0,"46":0,"47":0,"48":0,"49":0,"50":0,"51":0,"52":0,"53":0,"54":0,"55":0,"56":0,"57":0,"58":0,"59":0,"60":0,"61":0,"62":0,"63":0,"64":0,"65":0,"66":0,"67":0,"68":0,"69":0,"70":0,"71":0,"72":0,"73":0,"74":0,"75":0,"76":0,"77":0,"78":0,"79":0,"80":0,"81":0,"82":0,"83":0,"84":0,"85":0,"86":0,"87":0,"88":0,"89":0,"90":0,"91":0,"92":0,"93":0,"94":0,"95":0},"fnMap":{"1":{"name":"forEachWithCB","line":11,"loc":{"start":{"line":11,"column":0},"end":{"line":11,"column":31}}},"2":{"name":"(anonymous_2)","line":11,"loc":{"start":{"line":11,"column":68},"end":{"line":11,"column":80}}},"3":{"name":"(anonymous_3)","line":13,"loc":{"start":{"line":13,"column":17},"end":{"line":13,"column":30}}},"4":{"name":"_extend","line":17,"loc":{"start":{"line":17,"column":0},"end":{"line":17,"column":22}}},"5":{"name":"(anonymous_5)","line":20,"loc":{"start":{"line":20,"column":33},"end":{"line":20,"column":46}}},"6":{"name":"_nop","line":25,"loc":{"start":{"line":25,"column":0},"end":{"line":25,"column":16}}},"7":{"name":"(anonymous_7)","line":28,"loc":{"start":{"line":28,"column":18},"end":{"line":28,"column":40}}},"8":{"name":"(anonymous_8)","line":37,"loc":{"start":{"line":37,"column":28},"end":{"line":37,"column":42}}},"9":{"name":"(anonymous_9)","line":47,"loc":{"start":{"line":47,"column":22},"end":{"line":47,"column":47}}},"10":{"name":"(anonymous_10)","line":78,"loc":{"start":{"line":78,"column":53},"end":{"line":78,"column":68}}},"11":{"name":"registersForMnemonics","line":85,"loc":{"start":{"line":85,"column":4},"end":{"line":85,"column":41}}},"12":{"name":"(anonymous_12)","line":87,"loc":{"start":{"line":87,"column":21},"end":{"line":87,"column":37}}},"13":{"name":"maskForMnemonic","line":102,"loc":{"start":{"line":102,"column":4},"end":{"line":102,"column":35}}},"14":{"name":"(anonymous_14)","line":110,"loc":{"start":{"line":110,"column":20},"end":{"line":110,"column":40}}},"15":{"name":"processInquiryForRegister","line":113,"loc":{"start":{"line":113,"column":8},"end":{"line":113,"column":52}}},"16":{"name":"(anonymous_16)","line":118,"loc":{"start":{"line":118,"column":56},"end":{"line":118,"column":71}}},"17":{"name":"(anonymous_17)","line":120,"loc":{"start":{"line":120,"column":31},"end":{"line":120,"column":47}}},"18":{"name":"(anonymous_18)","line":128,"loc":{"start":{"line":128,"column":84},"end":{"line":128,"column":97}}},"19":{"name":"(anonymous_19)","line":135,"loc":{"start":{"line":135,"column":20},"end":{"line":135,"column":40}}},"20":{"name":"processInquiryForRegister","line":139,"loc":{"start":{"line":139,"column":8},"end":{"line":139,"column":52}}},"21":{"name":"(anonymous_21)","line":148,"loc":{"start":{"line":148,"column":59},"end":{"line":148,"column":74}}},"22":{"name":"(anonymous_22)","line":153,"loc":{"start":{"line":153,"column":31},"end":{"line":153,"column":47}}},"23":{"name":"(anonymous_23)","line":165,"loc":{"start":{"line":165,"column":100},"end":{"line":165,"column":112}}},"24":{"name":"(anonymous_24)","line":175,"loc":{"start":{"line":175,"column":16},"end":{"line":175,"column":40}}},"25":{"name":"(anonymous_25)","line":181,"loc":{"start":{"line":181,"column":18},"end":{"line":181,"column":35}}},"26":{"name":"(anonymous_26)","line":194,"loc":{"start":{"line":194,"column":18},"end":{"line":194,"column":37}}},"27":{"name":"(anonymous_27)","line":197,"loc":{"start":{"line":197,"column":38},"end":{"line":197,"column":53}}},"28":{"name":"(anonymous_28)","line":202,"loc":{"start":{"line":202,"column":18},"end":{"line":202,"column":37}}},"29":{"name":"(anonymous_29)","line":205,"loc":{"start":{"line":205,"column":37},"end":{"line":205,"column":52}}},"30":{"name":"(anonymous_30)","line":210,"loc":{"start":{"line":210,"column":19},"end":{"line":210,"column":38}}},"31":{"name":"(anonymous_31)","line":213,"loc":{"start":{"line":213,"column":55},"end":{"line":213,"column":70}}},"32":{"name":"(anonymous_32)","line":238,"loc":{"start":{"line":238,"column":24},"end":{"line":238,"column":43}}},"33":{"name":"(anonymous_33)","line":241,"loc":{"start":{"line":241,"column":38},"end":{"line":241,"column":53}}},"34":{"name":"(anonymous_34)","line":250,"loc":{"start":{"line":250,"column":19},"end":{"line":250,"column":38}}},"35":{"name":"(anonymous_35)","line":253,"loc":{"start":{"line":253,"column":44},"end":{"line":253,"column":59}}},"36":{"name":"(anonymous_36)","line":278,"loc":{"start":{"line":278,"column":23},"end":{"line":278,"column":42}}},"37":{"name":"(anonymous_37)","line":281,"loc":{"start":{"line":281,"column":34},"end":{"line":281,"column":49}}},"38":{"name":"(anonymous_38)","line":286,"loc":{"start":{"line":286,"column":25},"end":{"line":286,"column":44}}},"39":{"name":"(anonymous_39)","line":289,"loc":{"start":{"line":289,"column":40},"end":{"line":289,"column":55}}},"40":{"name":"(anonymous_40)","line":300,"loc":{"start":{"line":300,"column":22},"end":{"line":300,"column":42}}},"41":{"name":"(anonymous_41)","line":302,"loc":{"start":{"line":302,"column":69},"end":{"line":302,"column":84}}},"42":{"name":"(anonymous_42)","line":305,"loc":{"start":{"line":305,"column":56},"end":{"line":305,"column":71}}},"43":{"name":"read","line":310,"loc":{"start":{"line":310,"column":8},"end":{"line":310,"column":29}}},"44":{"name":"finish","line":314,"loc":{"start":{"line":314,"column":8},"end":{"line":314,"column":29}}},"45":{"name":"(anonymous_45)","line":316,"loc":{"start":{"line":316,"column":70},"end":{"line":316,"column":84}}},"46":{"name":"(anonymous_46)","line":323,"loc":{"start":{"line":323,"column":22},"end":{"line":323,"column":48}}},"47":{"name":"(anonymous_47)","line":336,"loc":{"start":{"line":336,"column":35},"end":{"line":336,"column":48}}},"48":{"name":"(anonymous_48)","line":340,"loc":{"start":{"line":340,"column":34},"end":{"line":340,"column":47}}},"49":{"name":"(anonymous_49)","line":341,"loc":{"start":{"line":341,"column":58},"end":{"line":341,"column":71}}},"50":{"name":"finish","line":347,"loc":{"start":{"line":347,"column":16},"end":{"line":347,"column":35}}},"51":{"name":"(anonymous_51)","line":348,"loc":{"start":{"line":348,"column":72},"end":{"line":348,"column":84}}},"52":{"name":"(anonymous_52)","line":356,"loc":{"start":{"line":356,"column":16},"end":{"line":356,"column":38}}},"53":{"name":"(anonymous_53)","line":370,"loc":{"start":{"line":370,"column":23},"end":{"line":370,"column":38}}},"54":{"name":"(anonymous_54)","line":374,"loc":{"start":{"line":374,"column":60},"end":{"line":374,"column":75}}},"55":{"name":"(anonymous_55)","line":377,"loc":{"start":{"line":377,"column":63},"end":{"line":377,"column":75}}},"56":{"name":"(anonymous_56)","line":390,"loc":{"start":{"line":390,"column":17},"end":{"line":390,"column":29}}},"57":{"name":"(anonymous_57)","line":397,"loc":{"start":{"line":397,"column":38},"end":{"line":397,"column":50}}},"58":{"name":"(anonymous_58)","line":403,"loc":{"start":{"line":403,"column":18},"end":{"line":403,"column":30}}},"59":{"name":"(anonymous_59)","line":415,"loc":{"start":{"line":415,"column":16},"end":{"line":415,"column":30}}},"60":{"name":"(anonymous_60)","line":419,"loc":{"start":{"line":419,"column":91},"end":{"line":419,"column":104}}},"61":{"name":"(anonymous_61)","line":427,"loc":{"start":{"line":427,"column":14},"end":{"line":427,"column":28}}},"62":{"name":"(anonymous_62)","line":429,"loc":{"start":{"line":429,"column":22},"end":{"line":429,"column":38}}},"63":{"name":"(anonymous_63)","line":434,"loc":{"start":{"line":434,"column":38},"end":{"line":434,"column":51}}},"64":{"name":"slotForAddr","line":439,"loc":{"start":{"line":439,"column":4},"end":{"line":439,"column":31}}},"65":{"name":"(anonymous_65)","line":441,"loc":{"start":{"line":441,"column":24},"end":{"line":441,"column":40}}},"66":{"name":"(anonymous_66)","line":454,"loc":{"start":{"line":454,"column":19},"end":{"line":454,"column":48}}},"67":{"name":"(anonymous_67)","line":472,"loc":{"start":{"line":472,"column":19},"end":{"line":472,"column":31}}},"68":{"name":"(anonymous_68)","line":476,"loc":{"start":{"line":476,"column":27},"end":{"line":476,"column":39}}},"69":{"name":"PxX","line":486,"loc":{"start":{"line":486,"column":4},"end":{"line":486,"column":35}}},"70":{"name":"(anonymous_70)","line":517,"loc":{"start":{"line":517,"column":25},"end":{"line":517,"column":38}}},"71":{"name":"(anonymous_71)","line":525,"loc":{"start":{"line":525,"column":27},"end":{"line":525,"column":39}}},"72":{"name":"(anonymous_72)","line":530,"loc":{"start":{"line":530,"column":27},"end":{"line":530,"column":53}}},"73":{"name":"(anonymous_73)","line":534,"loc":{"start":{"line":534,"column":24},"end":{"line":534,"column":44}}},"74":{"name":"(anonymous_74)","line":558,"loc":{"start":{"line":558,"column":25},"end":{"line":558,"column":38}}},"75":{"name":"(anonymous_75)","line":562,"loc":{"start":{"line":562,"column":44},"end":{"line":562,"column":57}}},"76":{"name":"(anonymous_76)","line":578,"loc":{"start":{"line":578,"column":24},"end":{"line":578,"column":37}}},"77":{"name":"(anonymous_77)","line":582,"loc":{"start":{"line":582,"column":44},"end":{"line":582,"column":59}}},"78":{"name":"(anonymous_78)","line":588,"loc":{"start":{"line":588,"column":26},"end":{"line":588,"column":38}}},"79":{"name":"(anonymous_79)","line":592,"loc":{"start":{"line":592,"column":26},"end":{"line":592,"column":38}}},"80":{"name":"PTX","line":599,"loc":{"start":{"line":599,"column":4},"end":{"line":599,"column":28}}},"81":{"name":"PRX","line":607,"loc":{"start":{"line":607,"column":4},"end":{"line":607,"column":35}}},"82":{"name":"(anonymous_82)","line":616,"loc":{"start":{"line":616,"column":22},"end":{"line":616,"column":34}}},"83":{"name":"(anonymous_83)","line":617,"loc":{"start":{"line":617,"column":70},"end":{"line":617,"column":85}}},"84":{"name":"(anonymous_84)","line":623,"loc":{"start":{"line":623,"column":23},"end":{"line":623,"column":37}}},"85":{"name":"(anonymous_85)","line":629,"loc":{"start":{"line":629,"column":79},"end":{"line":629,"column":94}}},"86":{"name":"(anonymous_86)","line":632,"loc":{"start":{"line":632,"column":117},"end":{"line":632,"column":132}}},"87":{"name":"(anonymous_87)","line":637,"loc":{"start":{"line":637,"column":99},"end":{"line":637,"column":114}}},"88":{"name":"(anonymous_88)","line":642,"loc":{"start":{"line":642,"column":103},"end":{"line":642,"column":118}}},"89":{"name":"(anonymous_89)","line":649,"loc":{"start":{"line":649,"column":91},"end":{"line":649,"column":106}}},"90":{"name":"(anonymous_90)","line":655,"loc":{"start":{"line":655,"column":67},"end":{"line":655,"column":79}}},"91":{"name":"(anonymous_91)","line":656,"loc":{"start":{"line":656,"column":61},"end":{"line":656,"column":77}}},"92":{"name":"(anonymous_92)","line":660,"loc":{"start":{"line":660,"column":69},"end":{"line":660,"column":81}}},"93":{"name":"logFinalDetails","line":665,"loc":{"start":{"line":665,"column":28},"end":{"line":665,"column":55}}},"94":{"name":"_h","line":677,"loc":{"start":{"line":677,"column":8},"end":{"line":677,"column":23}}},"95":{"name":"(anonymous_95)","line":680,"loc":{"start":{"line":680,"column":24},"end":{"line":680,"column":37}}}},"statementMap":{"1":{"start":{"line":1,"column":0},"end":{"line":8,"column":32}},"2":{"start":{"line":10,"column":0},"end":{"line":10,"column":19}},"3":{"start":{"line":11,"column":0},"end":{"line":15,"column":16}},"4":{"start":{"line":11,"column":33},"end":{"line":15,"column":14}},"5":{"start":{"line":12,"column":4},"end":{"line":12,"column":23}},"6":{"start":{"line":13,"column":4},"end":{"line":13,"column":57}},"7":{"start":{"line":13,"column":32},"end":{"line":13,"column":53}},"8":{"start":{"line":14,"column":4},"end":{"line":14,"column":25}},"9":{"start":{"line":17,"column":0},"end":{"line":23,"column":1}},"10":{"start":{"line":18,"column":4},"end":{"line":21,"column":5}},"11":{"start":{"line":19,"column":8},"end":{"line":19,"column":31}},"12":{"start":{"line":20,"column":8},"end":{"line":20,"column":68}},"13":{"start":{"line":20,"column":48},"end":{"line":20,"column":64}},"14":{"start":{"line":22,"column":4},"end":{"line":22,"column":15}},"15":{"start":{"line":25,"column":0},"end":{"line":25,"column":18}},"16":{"start":{"line":28,"column":0},"end":{"line":683,"column":1}},"17":{"start":{"line":29,"column":4},"end":{"line":29,"column":41}},"18":{"start":{"line":30,"column":4},"end":{"line":33,"column":58}},"19":{"start":{"line":35,"column":4},"end":{"line":35,"column":52}},"20":{"start":{"line":37,"column":4},"end":{"line":45,"column":6}},"21":{"start":{"line":39,"column":8},"end":{"line":39,"column":37}},"22":{"start":{"line":40,"column":8},"end":{"line":43,"column":9}},"23":{"start":{"line":41,"column":12},"end":{"line":41,"column":45}},"24":{"start":{"line":42,"column":12},"end":{"line":42,"column":57}},"25":{"start":{"line":42,"column":51},"end":{"line":42,"column":57}},"26":{"start":{"line":44,"column":8},"end":{"line":44,"column":61}},"27":{"start":{"line":44,"column":24},"end":{"line":44,"column":61}},"28":{"start":{"line":47,"column":4},"end":{"line":83,"column":6}},"29":{"start":{"line":48,"column":8},"end":{"line":51,"column":9}},"30":{"start":{"line":49,"column":12},"end":{"line":49,"column":30}},"31":{"start":{"line":50,"column":12},"end":{"line":50,"column":21}},"32":{"start":{"line":52,"column":8},"end":{"line":52,"column":62}},"33":{"start":{"line":52,"column":24},"end":{"line":52,"column":62}},"34":{"start":{"line":54,"column":8},"end":{"line":54,"column":20}},"35":{"start":{"line":55,"column":8},"end":{"line":59,"column":29}},"36":{"start":{"line":56,"column":12},"end":{"line":56,"column":39}},"37":{"start":{"line":57,"column":15},"end":{"line":59,"column":29}},"38":{"start":{"line":58,"column":12},"end":{"line":58,"column":51}},"39":{"start":{"line":59,"column":15},"end":{"line":59,"column":29}},"40":{"start":{"line":61,"column":8},"end":{"line":62,"column":24}},"41":{"start":{"line":63,"column":8},"end":{"line":76,"column":9}},"42":{"start":{"line":64,"column":12},"end":{"line":64,"column":45}},"43":{"start":{"line":65,"column":12},"end":{"line":65,"column":34}},"44":{"start":{"line":66,"column":12},"end":{"line":66,"column":47}},"45":{"start":{"line":67,"column":12},"end":{"line":67,"column":34}},"46":{"start":{"line":68,"column":12},"end":{"line":68,"column":47}},"47":{"start":{"line":69,"column":15},"end":{"line":76,"column":9}},"48":{"start":{"line":70,"column":12},"end":{"line":70,"column":27}},"49":{"start":{"line":71,"column":12},"end":{"line":71,"column":54}},"50":{"start":{"line":72,"column":12},"end":{"line":72,"column":27}},"51":{"start":{"line":74,"column":12},"end":{"line":74,"column":41}},"52":{"start":{"line":75,"column":12},"end":{"line":75,"column":27}},"53":{"start":{"line":78,"column":8},"end":{"line":82,"column":11}},"54":{"start":{"line":79,"column":12},"end":{"line":79,"column":71}},"55":{"start":{"line":79,"column":39},"end":{"line":79,"column":71}},"56":{"start":{"line":80,"column":12},"end":{"line":81,"column":80}},"57":{"start":{"line":80,"column":19},"end":{"line":80,"column":32}},"58":{"start":{"line":81,"column":17},"end":{"line":81,"column":80}},"59":{"start":{"line":85,"column":4},"end":{"line":100,"column":5}},"60":{"start":{"line":86,"column":8},"end":{"line":86,"column":50}},"61":{"start":{"line":87,"column":8},"end":{"line":98,"column":11}},"62":{"start":{"line":88,"column":12},"end":{"line":88,"column":43}},"63":{"start":{"line":89,"column":12},"end":{"line":89,"column":81}},"64":{"start":{"line":89,"column":21},"end":{"line":89,"column":81}},"65":{"start":{"line":90,"column":12},"end":{"line":90,"column":46}},"66":{"start":{"line":90,"column":33},"end":{"line":90,"column":46}},"67":{"start":{"line":92,"column":12},"end":{"line":94,"column":79}},"68":{"start":{"line":95,"column":12},"end":{"line":95,"column":49}},"69":{"start":{"line":96,"column":12},"end":{"line":97,"column":32}},"70":{"start":{"line":96,"column":33},"end":{"line":96,"column":51}},"71":{"start":{"line":97,"column":17},"end":{"line":97,"column":32}},"72":{"start":{"line":99,"column":8},"end":{"line":99,"column":31}},"73":{"start":{"line":102,"column":4},"end":{"line":108,"column":5}},"74":{"start":{"line":103,"column":8},"end":{"line":106,"column":61}},"75":{"start":{"line":107,"column":8},"end":{"line":107,"column":54}},"76":{"start":{"line":110,"column":4},"end":{"line":132,"column":6}},"77":{"start":{"line":111,"column":8},"end":{"line":112,"column":41}},"78":{"start":{"line":113,"column":8},"end":{"line":127,"column":9}},"79":{"start":{"line":116,"column":12},"end":{"line":116,"column":42}},"80":{"start":{"line":117,"column":12},"end":{"line":117,"column":23}},"81":{"start":{"line":118,"column":12},"end":{"line":126,"column":15}},"82":{"start":{"line":119,"column":16},"end":{"line":119,"column":36}},"83":{"start":{"line":119,"column":23},"end":{"line":119,"column":36}},"84":{"start":{"line":120,"column":16},"end":{"line":123,"column":19}},"85":{"start":{"line":121,"column":20},"end":{"line":121,"column":50}},"86":{"start":{"line":122,"column":20},"end":{"line":122,"column":69}},"87":{"start":{"line":124,"column":16},"end":{"line":124,"column":49}},"88":{"start":{"line":124,"column":29},"end":{"line":124,"column":49}},"89":{"start":{"line":125,"column":16},"end":{"line":125,"column":21}},"90":{"start":{"line":128,"column":8},"end":{"line":131,"column":11}},"91":{"start":{"line":129,"column":12},"end":{"line":129,"column":64}},"92":{"start":{"line":129,"column":28},"end":{"line":129,"column":64}},"93":{"start":{"line":130,"column":12},"end":{"line":130,"column":25}},"94":{"start":{"line":134,"column":4},"end":{"line":134,"column":50}},"95":{"start":{"line":135,"column":4},"end":{"line":173,"column":6}},"96":{"start":{"line":136,"column":8},"end":{"line":136,"column":55}},"97":{"start":{"line":136,"column":24},"end":{"line":136,"column":55}},"98":{"start":{"line":137,"column":8},"end":{"line":137,"column":27}},"99":{"start":{"line":137,"column":17},"end":{"line":137,"column":27}},"100":{"start":{"line":138,"column":8},"end":{"line":138,"column":71}},"101":{"start":{"line":139,"column":8},"end":{"line":171,"column":9}},"102":{"start":{"line":140,"column":12},"end":{"line":140,"column":42}},"103":{"start":{"line":141,"column":12},"end":{"line":141,"column":23}},"104":{"start":{"line":144,"column":12},"end":{"line":170,"column":15}},"105":{"start":{"line":145,"column":16},"end":{"line":146,"column":63}},"106":{"start":{"line":147,"column":16},"end":{"line":147,"column":62}},"107":{"start":{"line":148,"column":19},"end":{"line":170,"column":15}},"108":{"start":{"line":149,"column":16},"end":{"line":149,"column":36}},"109":{"start":{"line":149,"column":23},"end":{"line":149,"column":36}},"110":{"start":{"line":150,"column":16},"end":{"line":151,"column":39}},"111":{"start":{"line":152,"column":16},"end":{"line":152,"column":49}},"112":{"start":{"line":152,"column":29},"end":{"line":152,"column":49}},"113":{"start":{"line":153,"column":16},"end":{"line":164,"column":19}},"114":{"start":{"line":154,"column":20},"end":{"line":154,"column":50}},"115":{"start":{"line":155,"column":20},"end":{"line":161,"column":21}},"116":{"start":{"line":156,"column":24},"end":{"line":156,"column":68}},"117":{"start":{"line":157,"column":24},"end":{"line":157,"column":94}},"118":{"start":{"line":157,"column":36},"end":{"line":157,"column":94}},"119":{"start":{"line":158,"column":27},"end":{"line":161,"column":21}},"120":{"start":{"line":159,"column":24},"end":{"line":159,"column":72}},"121":{"start":{"line":160,"column":24},"end":{"line":160,"column":95}},"122":{"start":{"line":160,"column":38},"end":{"line":160,"column":95}},"123":{"start":{"line":162,"column":20},"end":{"line":162,"column":35}},"124":{"start":{"line":163,"column":20},"end":{"line":163,"column":67}},"125":{"start":{"line":165,"column":16},"end":{"line":169,"column":30}},"126":{"start":{"line":165,"column":56},"end":{"line":168,"column":19}},"127":{"start":{"line":166,"column":20},"end":{"line":166,"column":78}},"128":{"start":{"line":166,"column":40},"end":{"line":166,"column":78}},"129":{"start":{"line":167,"column":20},"end":{"line":167,"column":46}},"130":{"start":{"line":169,"column":21},"end":{"line":169,"column":30}},"131":{"start":{"line":172,"column":8},"end":{"line":172,"column":88}},"132":{"start":{"line":175,"column":4},"end":{"line":180,"column":6}},"133":{"start":{"line":176,"column":8},"end":{"line":177,"column":29}},"134":{"start":{"line":176,"column":39},"end":{"line":176,"column":54}},"135":{"start":{"line":177,"column":13},"end":{"line":177,"column":29}},"136":{"start":{"line":178,"column":8},"end":{"line":178,"column":57}},"137":{"start":{"line":178,"column":24},"end":{"line":178,"column":57}},"138":{"start":{"line":179,"column":8},"end":{"line":179,"column":56}},"139":{"start":{"line":179,"column":19},"end":{"line":179,"column":56}},"140":{"start":{"line":181,"column":4},"end":{"line":184,"column":6}},"141":{"start":{"line":182,"column":8},"end":{"line":182,"column":30}},"142":{"start":{"line":183,"column":8},"end":{"line":183,"column":31}},"143":{"start":{"line":194,"column":4},"end":{"line":200,"column":6}},"144":{"start":{"line":195,"column":8},"end":{"line":198,"column":47}},"145":{"start":{"line":196,"column":12},"end":{"line":196,"column":29}},"146":{"start":{"line":197,"column":12},"end":{"line":197,"column":82}},"147":{"start":{"line":197,"column":55},"end":{"line":197,"column":78}},"148":{"start":{"line":198,"column":15},"end":{"line":198,"column":47}},"149":{"start":{"line":199,"column":8},"end":{"line":199,"column":20}},"150":{"start":{"line":202,"column":4},"end":{"line":208,"column":6}},"151":{"start":{"line":203,"column":8},"end":{"line":206,"column":46}},"152":{"start":{"line":204,"column":12},"end":{"line":204,"column":29}},"153":{"start":{"line":205,"column":12},"end":{"line":205,"column":78}},"154":{"start":{"line":205,"column":54},"end":{"line":205,"column":74}},"155":{"start":{"line":206,"column":15},"end":{"line":206,"column":46}},"156":{"start":{"line":207,"column":8},"end":{"line":207,"column":20}},"157":{"start":{"line":210,"column":4},"end":{"line":236,"column":6}},"158":{"start":{"line":211,"column":8},"end":{"line":234,"column":9}},"159":{"start":{"line":212,"column":12},"end":{"line":212,"column":29}},"160":{"start":{"line":213,"column":12},"end":{"line":218,"column":15}},"161":{"start":{"line":214,"column":16},"end":{"line":217,"column":39}},"162":{"start":{"line":214,"column":23},"end":{"line":214,"column":36}},"163":{"start":{"line":215,"column":21},"end":{"line":217,"column":39}},"164":{"start":{"line":215,"column":38},"end":{"line":215,"column":58}},"165":{"start":{"line":216,"column":21},"end":{"line":217,"column":39}},"166":{"start":{"line":216,"column":39},"end":{"line":216,"column":57}},"167":{"start":{"line":217,"column":21},"end":{"line":217,"column":39}},"168":{"start":{"line":220,"column":12},"end":{"line":232,"column":13}},"169":{"start":{"line":222,"column":20},"end":{"line":222,"column":61}},"170":{"start":{"line":223,"column":20},"end":{"line":223,"column":26}},"171":{"start":{"line":225,"column":20},"end":{"line":225,"column":60}},"172":{"start":{"line":226,"column":20},"end":{"line":226,"column":26}},"173":{"start":{"line":228,"column":20},"end":{"line":228,"column":60}},"174":{"start":{"line":229,"column":20},"end":{"line":229,"column":26}},"175":{"start":{"line":231,"column":20},"end":{"line
[...]
          nrf.sendPayload(data, sendOpts, function (e) {","                if (e) return cb(e);","                var s = {};                 // NOTE: if another TX is waiting, switching to RX is a waste…","                if (rxPipes.length && !this._sendOpts.asAckTo) {","                    nrf.setCE('high');","                    s['PRIM_RX'] = true;","                }","                if (this._sendOpts.ack && rxP0) {","                    s['RX_ADDR_P0'] = rxP0._addr;","                    rxP0._pipe = 0;","                }","                nrf.setStates(s, cb);","            }.bind(this));","            if (!rxPipes.length) nrf._prevSender = this;    // we might avoid setting state next time","        }.bind(this));","    };","    PxX.prototype._rx = function (d) {","        if (d.RX_P_NO !== this._pipe) return;","        if (!this._wantsRead) return;           // NOTE: this could starve other RX pipes!","        ","        nrf.readPayload({width:this._size}, function (e,d) {","            if (e) this.emit('error', e);","            else this._wantsRead = this.push(d);","            nrf._checkStatus(false);         // see footnote c, p.63","        }.bind(this));","    };","    PxX.prototype._read = function () {","        this._wantsRead = true;","        nrf._checkStatus(false);","    };","    PxX.prototype.close = function () {","        if (rxP0 === this) rxP0 = null;","        // TODO: also update CE and RX_EN registers accordingly","        this.push(null);","        this.emit('close');","    };","    ","    function PTX(addr,opts) {","        opts = _extend({size:'auto',autoAck:true,ackPayloads:false}, opts);","        opts._enableRX = (opts.autoAck || opts.ackPayloads);","        PxX.call(this, 0, addr, opts);","        _extend(this._sendOpts, {ack:opts._enableRX});","    }","    util.inherits(PTX, PxX);","    ","    function PRX(pipe, addr, opts) {","        opts = _extend({size:'auto',autoAck:true}, opts);","        opts._primRX = opts._enableRX = true;","        PxX.call(this, pipe, addr, opts);","        _extend(this._sendOpts, {ack:false, asAckTo:pipe});","    }","    util.inherits(PRX, PxX);","    ","    ","    nrf.printStatus = function () {         // for debugging","        nrf.getStates(['RX_DR','TX_DS','MAX_RT','RX_P_NO','TX_FULL'], function (e,d) {","            if (e) throw e;","            else console.log(irq.value() ? 'no-irq' : '-IRQ-', d);","        });","    };","    ","    nrf.printDetails = function (cb) {        // for debugging, mimic e.g. https://github.com/stanleyseow/RF24/blob/master/librf24-rpi/librf24/RF24.cpp#L318","        if (!cb) cb = _nop;","        console.log(\"SPI device:\\t\",_spi);","        //console.log(\"SPI speed:\\t\",'?');","        console.log(\"CE GPIO:\\t\",_ce);","        console.log(\"IRQ GPIO:\\t\",_irq);","        nrf.getStates(['STATUS','RX_DR','TX_DS','MAX_RT','RX_P_NO','TX_FULL'], function (e,d) {","            if (e) throw e;","            console.log(\"STATUS:\\t\\t\",_h(d.STATUS[0]),'RX_DR='+d.RX_DR,'TX_DS='+d.TX_DS,'MAX_RT='+d.MAX_RT,'RX_P_NO='+d.RX_P_NO,'TX_FULL='+d.TX_FULL);","            nrf.getStates(['RX_ADDR_P0','RX_ADDR_P1','RX_ADDR_P2','RX_ADDR_P3','RX_ADDR_P4','RX_ADDR_P5','TX_ADDR'], function (e,d) {","                ","                console.log(\"RX_ADDR_P0–1:\\t\",_h(d.RX_ADDR_P0),_h(d.RX_ADDR_P1));","                console.log(\"RX_ADDR_P2–5:\\t\",_h(d.RX_ADDR_P2),_h(d.RX_ADDR_P3),_h(d.RX_ADDR_P4),_h(d.RX_ADDR_P5));","                console.log(\"TX_ADDR:\\t\",_h(d.TX_ADDR));","                nrf.getStates(['RX_PW_P0','RX_PW_P1','RX_PW_P2','RX_PW_P3','RX_PW_P4','RX_PW_P5'], function (e,d) {","                    console.log(\"RX_PW_P0–5:\\t\",","                        _h(d.RX_PW_P0),_h(d.RX_PW_P1),_h(d.RX_PW_P2),","                        _h(d.RX_PW_P3),_h(d.RX_PW_P4),_h(d.RX_PW_P5)","                    );","                    nrf.getStates(['EN_AA','EN_RXADDR','RF_CH','RF_SETUP','CONFIG','DYNPD','FEATURE'], function (e,d) {","                        console.log(\"EN_AA:\\t\\t\",_h(d.EN_AA));","                        console.log(\"EN_RXADDR:\\t\",_h(d.EN_RXADDR));","                        console.log(\"RF_CH:\\t\\t\",_h(d.RF_CH));","                        console.log(\"RF_SETUP:\\t\",_h(d.RF_SETUP));","                        console.log(\"CONFIG:\\t\\t\",_h(d.CONFIG));","                        console.log(\"DYNPD/FEATURE:\\t\",_h(d.DYNPD),_h(d.FEATURE));","                        nrf.getStates(['RF_DR_LOW','RF_DR_HIGH','EN_CRC','CRCO','RF_PWR'], function (e,d) {","                            var isPlus = false,","                                pwrs = ('compat') ? _m.TX_POWER : [\"-18dBm\",\"-12dBm\",\"-6dBm\",\"0dBm\"];","                            if (d.RF_DR_LOW) {      // if set, we already know and don't need to check by toggling","                                isPlus = true;","                                logFinalDetails();","                            } else nrf.setStates({RF_DR_LOW:true}, function () {","                                nrf.getStates(['RF_DR_LOW'], function (e,d2) {","                                    // (non-plus chips hold this bit zero even after settting)","                                    if (d2.RF_DR_LOW) isPlus = true;","                                    // …then set back to original (false) value again","                                    nrf.setStates({RF_DR_LOW:false}, function () {","                                        logFinalDetails();","                                    });","                                });","                            });","                            function logFinalDetails() {","                                console.log(\"Data Rate:\\t\", (d.RF_DR_LOW) ? \"250kbps\" : ((d.RF_DR_HIGH) ? \"2Mbps\" : \"1Mbps\"));","                                console.log(\"Model:\\t\\t\", (isPlus) ? \"nRF24L01+\" : \"nRF24L01\");","                                console.log(\"CRC Length:\\t\", (d.EN_CRC) ? ((d.CRCO) ? \"16 bits\" : \"8 bits\") : \"Disabled\");","                                console.log(\"PA Power:\\t\", pwrs[d.RF_PWR]);","                                cb();","                            }","                        });","                    });","                });","            });","        });","        function _h(n) { return (Buffer.isBuffer(n)) ? '0x'+n.toString('hex') : '0x'+n.toString(16); }  ","    };","    ","    nrf.on('interrupt', function (d) { if (nrf._debug) console.log(\"IRQ.\", d); });","    ","    return nrf;","}"],"l":{"1":1,"10":1,"11":1,"12":0,"13":0,"14":0,"17":1,"18":0,"19":0,"20":0,"22":0,"25":1,"28":1,"29":2,"30":2,"35":0,"37":0,"39":0,"40":0,"41":0,"42":0,"44":0,"47":0,"48":0,"49":0,"50":0,"52":0,"54":0,"55":0,"56":0,"57":0,"58":0,"59":0,"61":0,"63":0,"64":0,"65":0,"66":0,"67":0,"68":0,"69":0,"70":0,"71":0,"72":0,"74":0,"75":0,"78":0,"79":0,"80":0,"81":0,"85":1,"86":0,"87":0,"88":0,"89":0,"90":0,"92":0,"95":0,"96":0,"97":0,"99":0,"102":1,"103":0,"107":0,"110":0,"111":0,"113":1,"116":0,"117":0,"118":0,"119":0,"120":0,"121":0,"122":0,"124":0,"125":0,"128":0,"129":0,"130":0,"134":0,"135":0,"136":0,"137":0,"138":0,"139":1,"140":0,"141":0,"144":0,"145":0,"147":0,"148":0,"149":0,"150":0,"152":0,"153":0,"154":0,"155":0,"156":0,"157":0,"158":0,"159":0,"160":0,"162":0,"163":0,"165":0,"166":0,"167":0,"169":0,"172":0,"175":0,"176":0,"177":0,"178":0,"179":0,"181":0,"182":0,"183":0,"194":0,"195":0,"196":0,"197":0,"198":0,"199":0,"202":0,"203":0,"204":0,"205":0,"206":0,"207":0,"210":0,"211":0,"212":0,"213":0,"214":0,"215":0,"216":0,"217":0,"220":0,"222":0,"223":0,"225":0,"226":0,"228":0,"229":0,"231":0,"233":0,"235":0,"238":0,"239":0,"240":0,"241":0,"243":0,"244":0,"245":0,"247":0,"250":0,"251":0,"252":0,"253":0,"254":0,"255":0,"256":0,"257":0,"260":0,"262":0,"263":0,"265":0,"266":0,"268":0,"269":0,"271":0,"273":0,"275":0,"278":0,"279":0,"280":0,"281":0,"282":0,"283":0,"286":0,"287":0,"288":0,"289":0,"291":0,"292":0,"293":0,"294":0,"296":0,"300":0,"301":0,"302":0,"303":0,"304":0,"305":0,"306":0,"307":0,"308":0,"310":1,"311":0,"314":1,"315":0,"316":0,"317":0,"323":0,"324":0,"325":0,"326":0,"328":0,"329":0,"330":0,"331":0,"332":0,"334":0,"336":0,"337":0,"338":0,"340":0,"341":0,"342":0,"344":0,"345":0,"347":1,"348":0,"349":0,"356":0,"357":0,"358":0,"359":0,"361":0,"362":0,"369":0,"370":0,"371":0,"372":0,"373":0,"374":0,"375":0,"376":0,"377":0,"381":0,"382":0,"384":0,"388":0,"390":0,"391":0,"392":0,"393":0,"394":0,"396":0,"397":0,"398":0,"401":0,"403":0,"404":0,"405":0,"406":0,"407":0,"410":0,"414":0,"415":0,"416":0,"417":0,"419":0,"420":0,"421":0,"422":0,"423":0,"425":0,"427":0,"428":0,"429":0,"430":0,"431":0,"432":0,"433":0,"434":0,"435":0,"436":0,"439":1,"440":0,"441":0,"442":0,"443":0,"444":0,"445":0,"446":0,"447":0,"448":0,"449":0,"451":0,"454":0,"455":0,"456":0,"457":0,"459":0,"460":0,"461":0,"462":0,"463":0,"464":0,"465":0,"466":0,"468":0,"470":0,"472":0,"473":0,"474":0,"475":0,"476":0,"477":0,"478":0,"480":0,"481":0,"486":1,"487":0,"488":0,"489":0,"490":0,"491":0,"492":0,"493":0,"495":0,"497":0,"498":0,"499":0,"500":0,"501":0,"503":0,"504":0,"505":0,"507":0,"509":0,"510":0,"511":0,"513":0,"514":0,"515":0,"517":0,"518":0,"519":0,"520":0,"523":0,"524":0,"525":0,"526":0,"529":0,"530":0,"531":0,"532":0,"534":0,"535":0,"536":0,"538":0,"539":0,"540":0,"541":0,"544":0,"545":0,"546":0,"547":0,"549":0,"550":0,"551":0,"552":0,"553":0,"555":0,"558":0,"559":0,"560":0,"562":0,"563":0,"564":0,"565":0,"566":0,"567":0,"569":0,"570":0,"571":0,"573":0,"575":0,"578":0,"579":0,"580":0,"582":0,"583":0,"584":0,"585":0,"588":0,"589":0,"590":0,"592":0,"593":0,"595":0,"596":0,"599":1,"600":0,"601":0,"602":0,"603":0,"605":0,"607":1,"608":0,"609":0,"610":0,"611":0,"613":0,"616":0,"617":0,"618":0,"619":0,"623":0,"624":0,"625":0,"627":0,"628":0,"629":0,"630":0,"631":0,"632":0,"634":0,"635":0,"636":0,"637":0,"638":0,"642":0,"643":0,"644":0,"645":0,"646":0,"647":0,"648":0,"649":0,"650":0,"652":0,"653":0,"654":0,"655":0,"656":0,"658":0,"660":0,"661":0,"665":1,"666":0,"667":0,"668":0,"669":0,"670":0,"677":1,"680":0,"682":0}},"/home/travis/build/npmtest/node-npmtest-nrf/node_modules/nrf/magicnums.js":{"path":"/home/travis/build/npmtest/node-npmtest-nrf/node_modules/nrf/magicnums.js","s":{"1":1,"2":21,"3":1,"4":1,"5":1,"6":1,"7":1},"b":{},"f":{"1":21},"fnMap":{"1":{"name":"_b","line":1,"loc":{"start":{"line":1,"column":0},"end":{"line":1,"column":15}}}},"statementMap":{"1":{"start":{"line":1,"column":0},"end":{"line":1,"column":56}},"2":{"start":{"line":1,"column":17},"end":{"line":1,"column":54}},"3":{"start":{"line":3,"column":0},"end":{"line":15,"column":2}},"4":{"start":{"line":17,"column":0},"end":{"line":109,"column":2}},"5":{"start":{"line":111,"column":0},"end":{"line":129,"column":2}},"6":{"start":{"line":131,"column":0},"end":{"line":136,"column":2}},"7":{"start":{"line":138,"column":0},"end":{"line":138,"column":61}}},"branchMap":{},"code":["function _b(v) { return parseInt(v.replace(' ',''),2); }","","exports.COMMANDS = {","    R_REGISTER:     _b('0000 0000'),","    W_REGISTER:     _b('0010 0000'),","    R_RX_PAYLOAD:   _b('0110 0001'),","    W_TX_PAYLOAD:   _b('1010 0000'),","    FLUSH_TX:       _b('1110 0001'),","    FLUSH_RX:       _b('1110 0010'),","    REUSE_TX_PL:    _b('1110 0011'),","    R_RX_PL_WID:    _b('0110 0000'),","    W_ACK_PAYLOAD:  _b('1010 1000'),","    W_TX_PD_NOACK:  _b('1011 0000'),","    NOP:            _b('1111 1111')","};","","exports.REGISTER_MAP = {","    // mnemonic    addr,bit[,width]","/* CONFIG */","    CONFIG:         [0x00],","    MASK_RX_DR:     [0x00,6],","    MASK_TX_DS:     [0x00,5],","    MASK_MAX_RT:    [0x00,4],","    EN_CRC:         [0x00,3],","    CRCO:           [0x00,2],","    PWR_UP:         [0x00,1],","    PRIM_RX:        [0x00,0],","/* EN_AA */","    EN_AA:          [0x01],","    ENAA_P5:        [0x01,5],","    ENAA_P4:        [0x01,4],","    ENAA_P3:        [0x01,3],","    ENAA_P2:        [0x01,2],","    ENAA_P1:        [0x01,1],","    ENAA_P0:        [0x01,0],","/* EN_RXADDR */","    EN_RXADDR:      [0x02],","    ERX_P5:         [0x02,5],","    ERX_P4:         [0x02,4],","    ERX_P3:         [0x02,3],","    ERX_P2:         [0x02,2],","    ERX_P1:         [0x02,1],","    ERX_P0:         [0x02,0],","/* SETUP_AW */","    SETUP_AW:       [0x03],","    AW:             [0x03,0,2],","/* SETUP_RETR */","    SETUP_RETR:     [0x04],","    ARD:            [0x04,4,4],","    ARC:            [0x04,0,4],","/* RF_CH */","    RF_CH:          [0x05,0,7],","/* RF_SETUP */","    RF_SETUP:       [0x06],","    CONT_WAVE:      [0x06,7],","    RF_DR_LOW:      [0x06,5],","    PLL_LOCK:       [0x06,4],","    RF_DR_HIGH:     [0x06,3],","    RF_PWR:         [0x06,1,2],","    LNA_HCURR:      [0x06,0],       // NOTE: this is obsolete on the nRF24L01+ model","/* STATUS */","    STATUS:         [0x07],","    RX_DR:          [0x07,6],","    TX_DS:          [0x07,5],","    MAX_RT:         [0x07,4],","    RX_P_NO:        [0x07,1,3],","    TX_FULL:        [0x07,0],","/* OBSERVE_TX */","    OBSERVE_TX:     [0x08],","    PLOS_CNT:       [0x08,4,4],","    ARC_CNT:        [0x08,0,4],","/* RPD */","    RPD:            [0x09,0],","/* ADDR */","    RX_ADDR_P0:     [0x0A,0,40],","    RX_ADDR_P1:     [0x0B,0,40],","    RX_ADDR_P2:     [0x0C,0,8],","    RX_ADDR_P3:     [0x0D,0,8],","    RX_ADDR_P4:     [0x0E,0,8],","    RX_ADDR_P5:     [0x0F,0,8],","    TX_ADDR:        [0x10,0,40],","/* RX_PW_Pn */","    RX_PW_P0:       [0x11,0,6],","    RX_PW_P1:       [0x12,0,6],","    RX_PW_P2:       [0x13,0,6],","    RX_PW_P3:       [0x14,0,6],","    RX_PW_P4:       [0x15,0,6],","    RX_PW_P5:       [0x16,0,6],","/* FIFO_STATUS */","    FIFO_STATUS:    [0x17],","    TX_REUSE:       [0x17,6],","    TX_FULL:        [0x17,5],","    TX_EMPTY:       [0x17,4],","    RX_FULL:        [0x17,1],","    RX_EMPTY:       [0x17,0],","/* DYNPD */","    DYNPD:          [0x1C],","    DPL_P5:         [0x1C,5],","    DPL_P4:         [0x1C,4],","    DPL_P3:         [0x1C,3],","    DPL_P2:         [0x1C,2],","    DPL_P1:         [0x1C,1],","    DPL_P0:         [0x1C,0],","/* FEATURE */","    FEATURE:        [0x1D],","    EN_DPL:         [0x1D,2],","    EN_ACK_PAY:     [0x1D,1],","    EN_DYN_ACK:     [0x1D,0]","};","","exports.REGISTER_DEFAULTS = {","    CONFIG:     _b('0000 1000'),","    EN_AA:      _b('0011 1111'),","    EN_RXADDR:  _b('0000 0011'),","    SETUP_AW:   _b('0000 0011'),","    SETUP_RETR: _b('0000 0011'),","    RF_CH:      _b('0000 0010'),","    RF_SETUP:   _b('0000 1111'),","    STATUS:     _b('0111 1110'),","    RX_ADDR_P0: Buffer(\"E7E7E7E7E7\", 'hex'),","    RX_ADDR_P1: Buffer(\"C2C2C2C2C2\", 'hex'),","    RX_ADDR_P2: 0xC3,","    RX_ADDR_P3: 0xC4,","    RX_ADDR_P4: 0xC5,","    RX_ADDR_P5: 0xC6,","    TX_ADDR:    Buffer(\"E7E7E7E7E7\", 'hex'),","    DYNPD:      _b('0000 0000'),","    FEATURE:    _b('0000 0000'),","};","","exports.TIMING = {","    pd2stby: 150,      // NOTE: varies dep. on crystal configuration, see p.24/p.19","    stby2a: 130,","    hce: 10,","    pece2csn: 4","};","","exports.TX_POWER = ['PA_MIN', 'PA_LOW', 'PA_HIGH', 'PA_MAX'];",""],"l":{"1":21,"3":1,"17":1,"111":1,"131":1,"138":1}},"/home/travis/build/npmtest/node-npmtest-nrf/node_modules/nrf/test2.js":{"path":"/home/travis/build/npmtest/node-npmtest-nrf/node_modules/nrf/test2.js","s":{"1":2,"2":2,"3":2,"4":2,"5":2,"6":2,"7":0,"8":1,"9":0,"10":0,"11":0,"12":0,"13":0,"14":0,"15":0,"16":0,"17":0,"18":0,"19":0,"20":0,"21":0,"22":0,"23":0,"24":0,"25":0},"b":{"1":[2,0],"2":[0,0]},"f":{"1":2,"2":0,"3":0,"4":0,"5":0,"6":0},"fnMap":{"1":{"name":"(anonymous_1)","line":14,"loc":{"start":{"line":14,"column":15},"end":{"line":14,"column":32}}},"2":{"name":"setupRadio","line":20,"loc":{"start":{"line":20,"column":0},"end":{"line":20,"column":31}}},"3":{"name":"(anonymous_3)","line":23,"loc":{"start":{"line":23,"column":16},"end":{"line":23,"column":29}}},"4":{"name":"(anonymous_4)","line":25,"loc":{"start":{"line":25,"column":11},"end":{"line":25,"column":26}}},"5":{"name":"(anonymous_5)","line":34,"loc":{"start":{"line":34,"column":19},"end":{"line":34,"column":31}}},"6":{"name":"(anonymous_6)","line":42,"loc":{"start":{"line":42,"column":18},"end":{"line":42,"column":31}}}},"statementMap":{"1":{"start":{"line":3,"column":0},"end":{"line":3,"column":41}},"2":{"start":{"line":4,"column":0},"end":{"line":7,"column":2}},"3":{"start":{"line":10,"column":0},"end":{"line":11,"column":35}},"4":{"start":{"line":13,"column":0},"end":{"line":13,"column":16}},"5":{"start":{"line":14,"column":0},"end":{"line":19,"column":3}},"6":{"start":{"line":15,"column":4},"end":{"line":17,"column":49}},"7":{"start":{"line":18,"column":4},"end":{"line":18,"column":42}},"8":{"start":{"line":20,"column":0},"end":{"line":24,"column":1}},"9":{"start":{"line":21,"column":4},"end":{"line":21,"column":54}},"10":{"start":{"line":22,"column":4},"end":{"line":22,"column":73}},"11":{"start":{"line":23,"column":4},"end":{"line":23,"column":48}},"12":{"start":{"line":23,"column":31},"end":{"line":23,"column":44}},"13":{"start":{"line":25,"column":0},"end":{"line":51,"column":3}},"14":{"start":{"line":26,"column":4},"end":{"line":26,"column":19}},"15":{"start":{"line":26,"column":11},"end":{"line":26,"column":19}},"16":{"start":{"line":28,"column":4},"end":{"line":28,"column":23}},"17":{"start":{"line":30,"column":4},"end":{"line":32,"column":44}},"18":{"start":{"line":34,"column":4},"end":{"line":41,"column":7}},"19":{"start":{"line":35,"column":8},"end":{"line":35,"column":26}},"20":{"start":{"line":36,"column":8},"end":{"line":36,"column":27}},"21":{"start":{"line":37,"column":8},"end":{"line":37,"column":35}},"22":{"start":{"line":38,"column":8},"end":{"line":38,"column":33}},"23":{"start":{"line":39,"column":8},"end":{"line":39,"column":52}},"24":{"start":{"line":42,"column":4},"end":{"line":44,"column":7}},"25":{"start":{"line":43,"column":8},"end":{"line":43,"column":47}}},"branchMap":{"1":{"line":15,"type":"cond-expr","locations":[{"start":{"line":16,"column":8},"end":{"line":16,"column":62}},{"start":{"line":17,"column":8},"end":{"line":17,"column":48}}]},"2":{"line":26,"type":"if","locations":[{"start":{"line":26,"column":4},"end":{"line":26,"column":4}},{"start":{"line":26,"column":4},"end":{"line":26,"column":4}}]}},"code":["// see https://gist.github.com/natevw/5789019 for pins","","var pipes = [0xF1F0F0F0E1, 0xF1F0F0F0D2];","var radios = [","    {spiDev:\"/dev/spidev0.0\", cePin:24, irqPin:25},","    {spiDev:\"/dev/spidev0.1\", cePin:23}","];","","","var NRF24 = require(\"./index\"),","    queue = require('queue-async');","","var q = queue();","radios.forEach(function (radio) {","    radio._interface = (radio.irqPin) ?","        NRF24.connect(radio.spiDev, radio.cePin, radio.irqPin) :","        NRF24.connect(radio.spiDev, radio.cePin);","    q.defer(setupRadio, radio._interface);","});","function setupRadio(radio, cb) {","    radio.channel(0x4c).dataRate('1Mbps').crcBytes(2);","    radio.transmitPower('PA_MAX').autoRetransmit({count:15, delay:4000});","    radio.begin(function (e) { cb(e, radio); });","}","q.awaitAll(function (e,d) {","    if (e) throw e;","    ","    d[0]._debug = true;","    ","    var tx = d[1].openPipe('tx', pipes[0]),","        rx = d[0].openPipe('rx', pipes[0]),","        rx2 = d[0].openPipe('rx', pipes[1]);","    ","    tx.on('ready', function () {","        tx.write(\"NARF!\");","        tx.write(\"Hello?\");","        tx.write(\"blah blah blah\");","        tx.write(\"the number 4\");","        setInterval(tx.write.bind(tx, \"beep\"), 2e3);","        //setInterval(tx.write.bind(tx, \"boop\"), 2e3);","    });","    rx.on('data', function (d) {","        console.log(\"Got data:\", d.toString());","    });","    ","    // RX - no ack","    // TX - no ack","    ","    // RX - ack payloads","    // TX - ack payloads","});"],"l":{"3":2,"4":2,"10":2,"13":2,"14":2,"15":2,"18":0,"20":1,"21":0,"22":0,"23":0,"25":0,"26":0,"28":0,"30":0,"34":0,"35":0,"36":0,"37":0,"38":0,"39":0,"42":0,"43":0}}}